2022-12-28 18:45:14 crtsurfdata4 开始运行！2022-12-28 18:45:14 provname=安徽,obtid=58015,obtname=砀山,lat=34.27,lon=116.20,height=44.20
2022-12-28 18:45:14 provname=安徽,obtid=58102,obtname=亳州,lat=33.47,lon=115.44,height=39.10
2022-12-28 18:45:14 provname=安徽,obtid=58118,obtname=蒙城,lat=33.16,lon=116.31,height=10.30
2022-12-28 18:45:14 provname=安徽,obtid=58122,obtname=宿州,lat=33.38,lon=116.59,height=25.90
2022-12-28 18:45:14 provname=安徽,obtid=58203,obtname=阜阳,lat=32.52,lon=115.44,height=32.70
2022-12-28 18:45:14 provname=安徽,obtid=58215,obtname=寿县,lat=32.26,lon=116.47,height=25.70
2022-12-28 18:45:14 provname=安徽,obtid=58221,obtname=蚌埠,lat=32.51,lon=117.18,height=26.80
2022-12-28 18:45:14 provname=安徽,obtid=58225,obtname=定远,lat=32.32,lon=117.40,height=69.60
2022-12-28 18:45:14 provname=安徽,obtid=58236,obtname=滁州,lat=32.21,lon=118.15,height=33.50
2022-12-28 18:45:14 provname=安徽,obtid=58311,obtname=六安,lat=31.44,lon=116.30,height=74.10
2022-12-28 18:45:14 provname=安徽,obtid=58314,obtname=霍山,lat=31.24,lon=116.19,height=86.40
2022-12-28 18:45:14 provname=安徽,obtid=58319,obtname=桐城,lat=31.04,lon=116.57,height=85.40
2022-12-28 18:45:14 provname=安徽,obtid=58321,obtname=合肥,lat=31.47,lon=117.18,height=27.00
2022-12-28 18:45:14 provname=安徽,obtid=58326,obtname=巢湖,lat=31.35,lon=117.50,height=30.90
2022-12-28 18:45:14 provname=安徽,obtid=58336,obtname=马鞍山,lat=31.42,lon=118.34,height=80.00
2022-12-28 18:45:14 provname=安徽,obtid=58338,obtname=芜湖县,lat=31.07,lon=118.36,height=40.00
2022-12-28 18:45:14 provname=安徽,obtid=58414,obtname=太湖,lat=30.26,lon=116.19,height=105.10
2022-12-28 18:45:14 provname=安徽,obtid=58419,obtname=东至,lat=30.06,lon=117.01,height=17.60
2022-12-28 18:45:14 provname=安徽,obtid=58424,obtname=安庆,lat=30.37,lon=116.58,height=62.00
2022-12-28 18:45:14 provname=安徽,obtid=58429,obtname=铜陵,lat=30.59,lon=117.51,height=11.00
2022-12-28 18:45:14 provname=安徽,obtid=58436,obtname=宁国,lat=30.37,lon=118.59,height=87.30
2022-12-28 18:45:14 provname=安徽,obtid=58437,obtname=黄山,lat=30.08,lon=118.09,height=1840.40
2022-12-28 18:45:14 provname=安徽,obtid=58520,obtname=祁门,lat=29.51,lon=117.43,height=142.00
2022-12-28 18:45:14 provname=安徽,obtid=58531,obtname=屯溪,lat=29.43,lon=118.17,height=142.70
2022-12-28 18:45:14 provname=北京,obtid=54406,obtname=延庆,lat=40.27,lon=115.58,height=487.90
2022-12-28 18:45:14 provname=北京,obtid=54416,obtname=密云,lat=40.23,lon=116.52,height=71.80
2022-12-28 18:45:14 provname=北京,obtid=54511,obtname=北京,lat=39.48,lon=116.28,height=31.30
2022-12-28 18:45:14 provname=福建,obtid=58725,obtname=邵武,lat=27.20,lon=117.28,height=218.00
2022-12-28 18:45:14 provname=福建,obtid=58730,obtname=武夷山,lat=27.46,lon=118.02,height=222.10
2022-12-28 18:45:14 provname=福建,obtid=58731,obtname=浦城,lat=27.55,lon=118.32,height=276.90
2022-12-28 18:45:14 provname=福建,obtid=58734,obtname=建阳,lat=27.20,lon=118.07,height=196.90
2022-12-28 18:45:14 provname=福建,obtid=58737,obtname=建瓯,lat=27.03,lon=118.19,height=154.90
2022-12-28 18:45:14 provname=福建,obtid=58744,obtname=寿宁,lat=27.27,lon=119.25,height=815.90
2022-12-28 18:45:14 provname=福建,obtid=58754,obtname=福鼎,lat=27.20,lon=120.12,height=36.20
2022-12-28 18:45:14 provname=福建,obtid=58818,obtname=宁化,lat=26.14,lon=116.38,height=358.90
2022-12-28 18:45:14 provname=福建,obtid=58820,obtname=泰宁,lat=26.54,lon=117.10,height=342.90
2022-12-28 18:45:14 provname=福建,obtid=58834,obtname=南平,lat=26.38,lon=118.10,height=152.20
2022-12-28 18:45:14 provname=福建,obtid=58837,obtname=尤溪,lat=26.09,lon=118.09,height=204.80
2022-12-28 18:45:14 provname=福建,obtid=58843,obtname=霞浦,lat=26.53,lon=120.01,height=56.80
2022-12-28 18:45:14 provname=福建,obtid=58846,obtname=宁德,lat=26.40,lon=119.31,height=32.40
2022-12-28 18:45:14 provname=福建,obtid=58847,obtname=福州,lat=26.05,lon=119.17,height=84.00
2022-12-28 18:45:14 provname=福建,obtid=58911,obtname=长汀,lat=25.51,lon=116.22,height=310.00
2022-12-28 18:45:14 provname=福建,obtid=58918,obtname=上杭,lat=25.03,lon=116.25,height=198.00
2022-12-28 18:45:14 provname=福建,obtid=58921,obtname=永安,lat=25.58,lon=117.21,height=206.00
2022-12-28 18:45:14 provname=福建,obtid=58926,obtname=漳平,lat=25.18,lon=117.25,height=205.30
2022-12-28 18:45:14 provname=福建,obtid=58927,obtname=龙岩,lat=25.03,lon=117.01,height=376.00
2022-12-28 18:45:14 provname=福建,obtid=58931,obtname=九仙山,lat=25.43,lon=118.06,height=1653.50
2022-12-28 18:45:14 provname=福建,obtid=58933,obtname=屏南,lat=26.55,lon=118.59,height=869.50
2022-12-28 18:45:14 provname=福建,obtid=58936,obtname=仙游,lat=25.22,lon=118.42,height=77.70
2022-12-28 18:45:14 provname=福建,obtid=58944,obtname=平潭,lat=25.31,lon=119.47,height=32.40
2022-12-28 18:45:14 provname=福建,obtid=59113,obtname=永定,lat=24.44,lon=116.43,height=226.90
2022-12-28 18:45:14 provname=福建,obtid=59126,obtname=漳州,lat=24.30,lon=117.39,height=28.90
2022-12-28 18:45:14 provname=福建,obtid=59133,obtname=崇武,lat=24.54,lon=118.55,height=21.80
2022-12-28 18:45:14 provname=福建,obtid=59134,obtname=厦门,lat=24.29,lon=118.04,height=139.40
2022-12-28 18:45:14 provname=福建,obtid=59321,obtname=东山,lat=23.47,lon=117.30,height=53.30
2022-12-28 18:45:14 provname=甘肃,obtid=52323,obtname=马鬃山,lat=41.48,lon=97.02,height=1770.40
2022-12-28 18:45:14 provname=甘肃,obtid=52418,obtname=敦煌,lat=40.09,lon=94.41,height=1139.00
2022-12-28 18:45:14 provname=甘肃,obtid=52424,obtname=瓜州,lat=40.32,lon=95.47,height=1170.90
2022-12-28 18:45:14 provname=甘肃,obtid=52436,obtname=玉门镇,lat=40.16,lon=97.02,height=1526.00
2022-12-28 18:45:14 provname=甘肃,obtid=52446,obtname=鼎新,lat=40.18,lon=99.31,height=1177.40
2022-12-28 18:45:14 provname=甘肃,obtid=52447,obtname=金塔,lat=40.00,lon=98.53,height=1270.50
2022-12-28 18:45:14 provname=甘肃,obtid=52533,obtname=酒泉,lat=39.46,lon=98.29,height=1477.20
2022-12-28 18:45:14 provname=甘肃,obtid=52546,obtname=高台,lat=39.22,lon=99.50,height=1332.20
2022-12-28 18:45:14 provname=甘肃,obtid=52652,obtname=张掖,lat=39.05,lon=100.17,height=1461.10
2022-12-28 18:45:14 provname=甘肃,obtid=52661,obtname=山丹,lat=38.48,lon=101.05,height=1765.50
2022-12-28 18:45:14 provname=甘肃,obtid=52674,obtname=永昌,lat=38.13,lon=101.56,height=2093.90
2022-12-28 18:45:14 provname=甘肃,obtid=52679,obtname=武威,lat=37.55,lon=102.40,height=1531.50
2022-12-28 18:45:14 provname=甘肃,obtid=52681,obtname=民勤,lat=38.38,lon=103.05,height=1367.50
2022-12-28 18:45:14 provname=甘肃,obtid=52787,obtname=乌鞘岭,lat=37.12,lon=102.52,height=3045.10
2022-12-28 18:45:14 provname=甘肃,obtid=52797,obtname=景泰,lat=37.11,lon=104.03,height=1630.90
2022-12-28 18:45:14 provname=甘肃,obtid=52884,obtname=皋兰,lat=36.21,lon=103.57,height=1668.50
2022-12-28 18:45:14 provname=甘肃,obtid=52895,obtname=靖远,lat=36.34,lon=104.41,height=1398.20
2022-12-28 18:45:14 provname=甘肃,obtid=52983,obtname=榆中,lat=35.52,lon=104.09,height=1874.40
2022-12-28 18:45:14 provname=甘肃,obtid=52984,obtname=临夏,lat=35.35,lon=103.11,height=1917.20
2022-12-28 18:45:14 provname=甘肃,obtid=52986,obtname=临洮,lat=35.22,lon=103.52,height=1893.80
2022-12-28 18:45:14 provname=甘肃,obtid=52996,obtname=华家岭,lat=35.23,lon=105.01,height=2450.60
2022-12-28 18:45:14 provname=甘肃,obtid=53821,obtname=环县,lat=36.34,lon=107.18,height=1255.60
2022-12-28 18:45:14 provname=甘肃,obtid=53915,obtname=崆峒,lat=35.33,lon=106.40,height=1346.60
2022-12-28 18:45:14 provname=甘肃,obtid=53923,obtname=西峰,lat=35.44,lon=107.38,height=1421.00
2022-12-28 18:45:14 provname=甘肃,obtid=56074,obtname=玛曲,lat=34.00,lon=102.05,height=3471.40
2022-12-28 18:45:14 provname=甘肃,obtid=56080,obtname=合作,lat=35.00,lon=102.54,height=2910.00
2022-12-28 18:45:14 provname=甘肃,obtid=56093,obtname=岷县,lat=34.26,lon=104.01,height=2315.00
2022-12-28 18:45:14 provname=甘肃,obtid=56096,obtname=武都,lat=33.24,lon=104.55,height=1079.10
2022-12-28 18:45:14 provname=甘肃,obtid=57014,obtname=麦积,lat=34.34,lon=105.52,height=1085.20
2022-12-28 18:45:14 provname=广东,obtid=57996,obtname=南雄,lat=25.05,lon=114.15,height=149.70
2022-12-28 18:45:14 provname=广东,obtid=59072,obtname=连州,lat=24.49,lon=112.22,height=131.70
2022-12-28 18:45:14 provname=广东,obtid=59082,obtname=韶关,lat=24.40,lon=113.36,height=121.30
2022-12-28 18:45:14 provname=广东,obtid=59087,obtname=佛冈,lat=23.53,lon=113.31,height=97.20
2022-12-28 18:45:14 provname=广东,obtid=59088,obtname=英德,lat=24.11,lon=113.25,height=74.40
2022-12-28 18:45:14 provname=广东,obtid=59096,obtname=连平,lat=24.22,lon=114.29,height=215.20
2022-12-28 18:45:14 provname=广东,obtid=59097,obtname=新丰,lat=24.03,lon=114.12,height=199.30
2022-12-28 18:45:14 provname=广东,obtid=59107,obtname=龙川,lat=24.07,lon=115.17,height=179.60
2022-12-28 18:45:14 provname=广东,obtid=59116,obtname=大埔,lat=24.21,lon=116.42,height=80.10
2022-12-28 18:45:14 provname=广东,obtid=59117,obtname=梅县,lat=24.17,lon=116.04,height=116.00
2022-12-28 18:45:14 provname=广东,obtid=59271,obtname=广宁,lat=23.38,lon=112.25,height=92.70
2022-12-28 18:45:14 provname=广东,obtid=59278,obtname=高要,lat=22.59,lon=112.29,height=60.00
2022-12-28 18:45:14 provname=广东,obtid=59280,obtname=清远,lat=23.43,lon=113.05,height=79.20
2022-12-28 18:45:14 provname=广东,obtid=59287,obtname=广州,lat=23.13,lon=113.29,height=70.70
2022-12-28 18:45:14 provname=广东,obtid=59289,obtname=东莞,lat=22.58,lon=113.44,height=56.00
2022-12-28 18:45:14 provname=广东,obtid=59293,obtname=河源,lat=23.48,lon=114.44,height=71.10
2022-12-28 18:45:14 provname=广东,obtid=59294,obtname=增城,lat=23.20,lon=113.50,height=30.80
2022-12-28 18:45:14 provname=广东,obtid=59298,obtname=惠阳,lat=23.04,lon=114.22,height=108.50
2022-12-28 18:45:14 provname=广东,obtid=59303,obtname=五华,lat=23.55,lon=115.45,height=135.90
2022-12-28 18:45:14 provname=广东,obtid=59304,obtname=紫金,lat=23.38,lon=115.11,height=176.60
2022-12-28 18:45:14 provname=广东,obtid=59306,obtname=揭西,lat=23.27,lon=115.51,height=80.90
2022-12-28 18:45:14 provname=广东,obtid=59310,obtname=丰顺,lat=23.46,lon=116.10,height=45.30
2022-12-28 18:45:14 provname=广东,obtid=59316,obtname=汕头,lat=23.23,lon=116.41,height=2.30
2022-12-28 18:45:14 provname=广东,obtid=59317,obtname=惠来,lat=22.59,lon=116.18,height=42.00
2022-12-28 18:45:14 provname=广东,obtid=59324,obtname=南澳,lat=23.26,lon=117.02,height=8.00
2022-12-28 18:45:14 provname=广东,obtid=59456,obtname=信宜,lat=22.21,lon=110.56,height=141.40
2022-12-28 18:45:14 provname=广东,obtid=59462,obtname=罗定,lat=22.43,lon=111.36,height=60.00
2022-12-28 18:45:14 provname=广东,obtid=59478,obtname=台山,lat=22.15,lon=112.47,height=33.10
2022-12-28 18:45:14 provname=广东,obtid=59485,obtname=中山,lat=22.31,lon=113.24,height=33.70
2022-12-28 18:45:14 provname=广东,obtid=59488,obtname=珠海,lat=22.17,lon=113.34,height=51.40
2022-12-28 18:45:14 provname=广东,obtid=59493,obtname=深圳,lat=22.33,lon=114.00,height=63.00
2022-12-28 18:45:14 provname=广东,obtid=59501,obtname=汕尾,lat=22.48,lon=115.22,height=17.30
2022-12-28 18:45:14 provname=广东,obtid=59658,obtname=湛江,lat=21.09,lon=110.18,height=53.40
2022-12-28 18:45:14 provname=广东,obtid=59663,obtname=阳江,lat=21.51,lon=111.59,height=90.30
2022-12-28 18:45:14 provname=广东,obtid=59664,obtname=电白,lat=21.33,lon=110.59,height=31.80
2022-12-28 18:45:14 provname=广东,obtid=59673,obtname=上川岛,lat=21.44,lon=112.46,height=21.90
2022-12-28 18:45:14 provname=广东,obtid=59754,obtname=徐闻,lat=20.20,lon=110.11,height=56.20
2022-12-28 18:45:14 provname=广西,obtid=57947,obtname=融安,lat=25.13,lon=109.24,height=121.30
2022-12-28 18:45:14 provname=广西,obtid=57957,obtname=桂林,lat=25.19,lon=110.18,height=164.40
2022-12-28 18:45:14 provname=广西,obtid=57958,obtname=雁山,lat=25.05,lon=110.19,height=151.30
2022-12-28 18:45:14 provname=广西,obtid=59021,obtname=凤山,lat=24.33,lon=107.02,height=509.40
2022-12-28 18:45:14 provname=广西,obtid=59023,obtname=河池,lat=24.42,lon=108.02,height=260.20
2022-12-28 18:45:14 provname=广西,obtid=59027,obtname=巴马,lat=24.08,lon=107.15,height=254.90
2022-12-28 18:45:14 provname=广西,obtid=59037,obtname=都安,lat=23.56,lon=108.06,height=170.80
2022-12-28 18:45:14 provname=广西,obtid=59046,obtname=柳州,lat=24.21,lon=109.24,height=96.80
2022-12-28 18:45:14 provname=广西,obtid=59058,obtname=蒙山,lat=24.12,lon=110.31,height=181.90
2022-12-28 18:45:14 provname=广西,obtid=59065,obtname=八步,lat=24.25,lon=111.30,height=148.70
2022-12-28 18:45:14 provname=广西,obtid=59209,obtname=那坡,lat=23.25,lon=105.50,height=794.10
2022-12-28 18:45:14 provname=广西,obtid=59211,obtname=百色,lat=23.54,lon=106.36,height=174.70
2022-12-28 18:45:14 provname=广西,obtid=59218,obtname=靖西,lat=23.08,lon=106.25,height=739.90
2022-12-28 18:45:14 provname=广西,obtid=59228,obtname=平果,lat=23.19,lon=107.35,height=108.80
2022-12-28 18:45:14 provname=广西,obtid=59242,obtname=来宾,lat=23.46,lon=109.09,height=96.70
2022-12-28 18:45:14 provname=广西,obtid=59254,obtname=桂平,lat=23.24,lon=110.05,height=42.50
2022-12-28 18:45:14 provname=广西,obtid=59265,obtname=梧州,lat=23.29,lon=111.18,height=114.80
2022-12-28 18:45:14 provname=广西,obtid=59417,obtname=龙州,lat=22.20,lon=106.51,height=130.00
2022-12-28 18:45:14 provname=广西,obtid=59431,obtname=南宁,lat=22.38,lon=108.13,height=121.60
2022-12-28 18:45:14 provname=广西,obtid=59446,obtname=灵山,lat=22.25,lon=109.18,height=66.60
2022-12-28 18:45:14 provname=广西,obtid=59453,obtname=玉林,lat=22.40,lon=110.07,height=121.60
2022-12-28 18:45:14 provname=广西,obtid=59626,obtname=东兴,lat=21.34,lon=107.57,height=56.80
2022-12-28 18:45:14 provname=广西,obtid=59631,obtname=防城,lat=21.47,lon=108.21,height=32.40
2022-12-28 18:45:14 provname=广西,obtid=59632,obtname=钦州,lat=21.59,lon=108.36,height=49.20
2022-12-28 18:45:14 provname=广西,obtid=59644,obtname=北海,lat=21.27,lon=109.08,height=12.80
2022-12-28 18:45:14 provname=广西,obtid=59647,obtname=涠洲岛,lat=21.02,lon=109.06,height=55.20
2022-12-28 18:45:14 provname=贵州,obtid=56691,obtname=威宁,lat=26.52,lon=104.17,height=2237.50
2022-12-28 18:45:14 provname=贵州,obtid=56693,obtname=水城,lat=26.35,lon=104.52,height=1815.90
2022-12-28 18:45:14 provname=贵州,obtid=56792,obtname=普安,lat=25.47,lon=104.58,height=1649.40
2022-12-28 18:45:14 provname=贵州,obtid=56793,obtname=盘县,lat=25.43,lon=104.28,height=1800.00
2022-12-28 18:45:14 provname=贵州,obtid=57606,obtname=桐梓,lat=28.08,lon=106.50,height=972.00
2022-12-28 18:45:14 provname=贵州,obtid=57614,obtname=习水,lat=28.20,lon=106.13,height=1180.20
2022-12-28 18:45:14 provname=贵州,obtid=57625,obtname=正安,lat=28.33,lon=107.27,height=679.70
2022-12-28 18:45:14 provname=贵州,obtid=57647,obtname=松桃,lat=28.09,lon=109.11,height=406.10
2022-12-28 18:45:14 provname=贵州,obtid=57707,obtname=毕节,lat=27.18,lon=105.17,height=1510.60
2022-12-28 18:45:14 provname=贵州,obtid=57710,obtname=仁怀,lat=27.48,lon=106.24,height=890.30
2022-12-28 18:45:14 provname=贵州,obtid=57712,obtname=汇川,lat=27.44,lon=106.57,height=983.50
2022-12-28 18:45:14 provname=贵州,obtid=57718,obtname=息烽,lat=27.06,lon=106.43,height=1112.10
2022-12-28 18:45:14 provname=贵州,obtid=57722,obtname=湄潭,lat=27.46,lon=107.28,height=792.20
2022-12-28 18:45:14 provname=贵州,obtid=57729,obtname=余庆,lat=27.14,lon=107.53,height=622.10
2022-12-28 18:45:14 provname=贵州,obtid=57731,obtname=思南,lat=27.57,lon=108.15,height=416.80
2022-12-28 18:45:14 provname=贵州,obtid=57741,obtname=铜仁,lat=27.43,lon=109.10,height=353.20
2022-12-28 18:45:14 provname=贵州,obtid=57803,obtname=黔西,lat=27.02,lon=106.01,height=1231.40
2022-12-28 18:45:14 provname=贵州,obtid=57805,obtname=织金,lat=26.41,lon=105.46,height=1319.30
2022-12-28 18:45:14 provname=贵州,obtid=57806,obtname=安顺,lat=26.15,lon=105.54,height=1431.10
2022-12-28 18:45:14 provname=贵州,obtid=57816,obtname=贵阳,lat=26.35,lon=106.44,height=1223.80
2022-12-28 18:45:14 provname=贵州,obtid=57825,obtname=凯里,lat=26.36,lon=107.59,height=720.30
2022-12-28 18:45:14 provname=贵州,obtid=57827,obtname=都匀,lat=26.19,lon=107.32,height=969.10
2022-12-28 18:45:14 provname=贵州,obtid=57832,obtname=三穗,lat=26.58,lon=108.40,height=626.90
2022-12-28 18:45:14 provname=贵州,obtid=57839,obtname=黎平,lat=26.14,lon=109.08,height=568.80
2022-12-28 18:45:14 provname=贵州,obtid=57840,obtname=天柱,lat=26.54,lon=109.12,height=401.40
2022-12-28 18:45:14 provname=贵州,obtid=57902,obtname=兴仁,lat=25.26,lon=105.11,height=1378.50
2022-12-28 18:45:14 provname=贵州,obtid=57906,obtname=望谟,lat=25.11,lon=106.05,height=566.80
2022-12-28 18:45:14 provname=贵州,obtid=57907,obtname=兴义,lat=25.05,lon=104.54,height=1299.60
2022-12-28 18:45:14 provname=贵州,obtid=57910,obtname=紫云,lat=25.46,lon=106.05,height=1197.60
2022-12-28 18:45:14 provname=贵州,obtid=57912,obtname=惠水,lat=26.08,lon=106.38,height=990.90
2022-12-28 18:45:14 provname=贵州,obtid=57916,obtname=罗甸,lat=25.26,lon=106.46,height=440.30
2022-12-28 18:45:14 provname=贵州,obtid=57922,obtname=独山,lat=25.50,lon=107.33,height=1013.30
2022-12-28 18:45:14 provname=贵州,obtid=57926,obtname=荔波,lat=25.25,lon=107.53,height=428.70
2022-12-28 18:45:14 provname=贵州,obtid=57932,obtname=榕江,lat=25.56,lon=108.31,height=285.70
2022-12-28 18:45:14 provname=海南,obtid=59758,obtname=海口,lat=20.00,lon=110.15,height=63.50
2022-12-28 18:45:14 provname=海南,obtid=59838,obtname=东方,lat=19.06,lon=108.37,height=7.60
2022-12-28 18:45:14 provname=海南,obtid=59845,obtname=儋州,lat=19.31,lon=109.35,height=169.00
2022-12-28 18:45:14 provname=海南,obtid=59849,obtname=琼中,lat=19.02,lon=109.50,height=250.90
2022-12-28 18:45:14 provname=海南,obtid=59855,obtname=琼海,lat=19.14,lon=110.28,height=24.00
2022-12-28 18:45:14 provname=海南,obtid=59948,obtname=三亚,lat=18.13,lon=109.35,height=419.40
2022-12-28 18:45:14 provname=海南,obtid=59954,obtname=陵水,lat=18.33,lon=110.02,height=35.20
2022-12-28 18:45:14 provname=海南,obtid=59981,obtname=西沙,lat=16.50,lon=112.20,height=4.70
2022-12-28 18:45:14 provname=河北,obtid=53399,obtname=张北,lat=41.09,lon=114.42,height=1393.30
2022-12-28 18:45:14 provname=河北,obtid=53593,obtname=蔚县,lat=39.50,lon=114.34,height=909.50
2022-12-28 18:45:14 provname=河北,obtid=53698,obtname=石家庄,lat=38.04,lon=114.21,height=103.60
2022-12-28 18:45:14 provname=河北,obtid=53798,obtname=邢台,lat=37.11,lon=114.22,height=183.00
2022-12-28 18:45:14 provname=河北,obtid=54308,obtname=丰宁,lat=41.12,lon=116.38,height=735.10
2022-12-28 18:45:14 provname=河北,obtid=54311,obtname=围场,lat=41.58,lon=117.46,height=892.70
2022-12-28 18:45:14 provname=河北,obtid=54401,obtname=张家口,lat=40.46,lon=114.55,height=772.80
2022-12-28 18:45:14 provname=河北,obtid=54405,obtname=怀来,lat=40.25,lon=115.30,height=570.90
2022-12-28 18:45:14 provname=河北,obtid=54423,obtname=承德,lat=40.58,lon=117.55,height=422.30
2022-12-28 18:45:14 provname=河北,obtid=54429,obtname=遵化,lat=40.12,lon=117.57,height=54.90
2022-12-28 18:45:14 provname=河北,obtid=54436,obtname=青龙,lat=40.25,lon=118.57,height=254.30
2022-12-28 18:45:14 provname=河北,obtid=54449,obtname=秦皇岛,lat=39.51,lon=119.31,height=2.40
2022-12-28 18:45:14 provname=河北,obtid=54518,obtname=霸州,lat=39.10,lon=116.24,height=8.90
2022-12-28 18:45:14 provname=河北,obtid=54534,obtname=唐山,lat=39.39,lon=118.06,height=23.20
2022-12-28 18:45:14 provname=河北,obtid=54535,obtname=唐海,lat=39.17,lon=118.28,height=3.20
2022-12-28 18:45:14 provname=河北,obtid=54539,obtname=乐亭,lat=39.26,lon=118.53,height=8.50
2022-12-28 18:45:14 provname=河北,obtid=54602,obtname=保定,lat=38.44,lon=115.29,height=16.80
2022-12-28 18:45:14 provname=河北,obtid=54606,obtname=饶阳,lat=38.14,lon=115.44,height=17.90
2022-12-28 18:45:14 provname=河北,obtid=54618,obtname=泊头,lat=38.05,lon=116.33,height=13.20
2022-12-28 18:45:14 provname=河北,obtid=54624,obtname=黄骅,lat=38.24,lon=117.19,height=4.50
2022-12-28 18:45:14 provname=河北,obtid=54705,obtname=南宫,lat=37.22,lon=115.23,height=27.40
2022-12-28 18:45:14 provname=河南,obtid=53898,obtname=安阳,lat=36.03,lon=114.08,height=194.80
2022-12-28 18:45:14 provname=河南,obtid=53986,obtname=新乡,lat=35.19,lon=113.53,height=73.20
2022-12-28 18:45:14 provname=河南,obtid=57051,obtname=三门峡,lat=34.48,lon=111.12,height=409.90
2022-12-28 18:45:14 provname=河南,obtid=57067,obtname=卢氏,lat=34.05,lon=111.04,height=658.50
2022-12-28 18:45:14 provname=河南,obtid=57071,obtname=孟津,lat=34.49,lon=112.26,height=333.30
2022-12-28 18:45:14 provname=河南,obtid=57077,obtname=栾川,lat=33.47,lon=111.39,height=742.40
2022-12-28 18:45:14 provname=河南,obtid=57083,obtname=郑州,lat=34.43,lon=113.39,height=110.40
2022-12-28 18:45:14 provname=河南,obtid=57084,obtname=嵩山,lat=34.30,lon=113.03,height=1178.40
2022-12-28 18:45:14 provname=河南,obtid=57089,obtname=许昌,lat=34.04,lon=113.56,height=67.20
2022-12-28 18:45:14 provname=河南,obtid=57091,obtname=开封,lat=34.47,lon=114.18,height=73.70
2022-12-28 18:45:14 provname=河南,obtid=57156,obtname=西峡,lat=33.18,lon=111.30,height=250.30
2022-12-28 18:45:14 provname=河南,obtid=57178,obtname=南阳,lat=33.06,lon=112.29,height=180.60
2022-12-28 18:45:14 provname=河南,obtid=57181,obtname=宝丰,lat=33.53,lon=113.03,height=136.40
2022-12-28 18:45:14 provname=河南,obtid=57193,obtname=西华,lat=33.47,lon=114.31,height=52.60
2022-12-28 18:45:14 provname=河南,obtid=57285,obtname=桐柏,lat=32.23,lon=113.25,height=153.00
2022-12-28 18:45:14 provname=河南,obtid=57290,obtname=驻马店,lat=32.56,lon=113.55,height=106.20
2022-12-28 18:45:14 provname=河南,obtid=57297,obtname=信阳,lat=32.08,lon=114.03,height=114.50
2022-12-28 18:45:14 provname=河南,obtid=58005,obtname=商丘,lat=34.26,lon=115.32,height=50.80
2022-12-28 18:45:14 provname=河南,obtid=58111,obtname=永城,lat=33.58,lon=116.27,height=32.50
2022-12-28 18:45:14 provname=河南,obtid=58208,obtname=固始,lat=32.10,lon=115.37,height=42.90
2022-12-28 18:45:14 provname=黑龙江,obtid=50136,obtname=漠河,lat=52.58,lon=122.31,height=438.50
2022-12-28 18:45:14 provname=黑龙江,obtid=50246,obtname=塔河,lat=52.21,lon=124.43,height=361.90
2022-12-28 18:45:14 provname=黑龙江,obtid=50247,obtname=呼中,lat=52.02,lon=123.34,height=514.50
2022-12-28 18:45:14 provname=黑龙江,obtid=50349,obtname=新林,lat=51.40,lon=124.24,height=501.50
2022-12-28 18:45:14 provname=黑龙江,obtid=50353,obtname=呼玛,lat=51.44,lon=126.38,height=173.90
2022-12-28 18:45:14 provname=黑龙江,obtid=50442,obtname=加格达奇,lat=50.24,lon=124.07,height=371.70
2022-12-28 18:45:14 provname=黑龙江,obtid=50468,obtname=爱辉,lat=50.15,lon=127.27,height=166.40
2022-12-28 18:45:14 provname=黑龙江,obtid=50557,obtname=嫩江,lat=49.10,lon=125.14,height=242.20
2022-12-28 18:45:14 provname=黑龙江,obtid=50564,obtname=孙吴,lat=49.26,lon=127.21,height=234.50
2022-12-28 18:45:14 provname=黑龙江,obtid=50656,obtname=北安,lat=48.15,lon=126.30,height=278.40
2022-12-28 18:45:14 provname=黑龙江,obtid=50658,obtname=克山,lat=48.03,lon=125.53,height=236.00
2022-12-28 18:45:14 provname=黑龙江,obtid=50674,obtname=乌伊岭,lat=48.34,lon=129.26,height=404.50
2022-12-28 18:45:14 provname=黑龙江,obtid=50739,obtname=龙江,lat=47.18,lon=123.15,height=209.30
2022-12-28 18:45:14 provname=黑龙江,obtid=50742,obtname=富裕,lat=47.48,lon=124.29,height=162.70
2022-12-28 18:45:14 provname=黑龙江,obtid=50745,obtname=齐齐哈尔,lat=47.23,lon=123.55,height=147.10
2022-12-28 18:45:14 provname=黑龙江,obtid=50756,obtname=海伦,lat=47.27,lon=126.52,height=247.30
2022-12-28 18:45:14 provname=黑龙江,obtid=50758,obtname=明水,lat=47.11,lon=125.54,height=246.00
2022-12-28 18:45:14 provname=黑龙江,obtid=50774,obtname=伊春,lat=47.42,lon=128.50,height=264.80
2022-12-28 18:45:14 provname=黑龙江,obtid=50778,obtname=同江,lat=47.40,lon=132.32,height=57.50
2022-12-28 18:45:14 provname=黑龙江,obtid=50788,obtname=富锦,lat=47.14,lon=131.59,height=66.40
2022-12-28 18:45:14 provname=黑龙江,obtid=50844,obtname=泰来,lat=46.24,lon=123.27,height=138.80
2022-12-28 18:45:14 provname=黑龙江,obtid=50853,obtname=北林,lat=46.37,lon=126.58,height=179.60
2022-12-28 18:45:14 provname=黑龙江,obtid=50854,obtname=安达,lat=46.23,lon=125.19,height=149.30
2022-12-28 18:45:14 provname=黑龙江,obtid=50862,obtname=铁力,lat=46.59,lon=127.59,height=206.00
2022-12-28 18:45:14 provname=黑龙江,obtid=50873,obtname=佳木斯,lat=46.47,lon=130.18,height=82.00
2022-12-28 18:45:14 provname=黑龙江,obtid=50877,obtname=依兰,lat=46.18,lon=129.35,height=100.10
2022-12-28 18:45:14 provname=黑龙江,obtid=50888,obtname=宝清,lat=46.23,lon=132.10,height=79.60
2022-12-28 18:45:14 provname=黑龙江,obtid=50950,obtname=肇州,lat=45.42,lon=125.15,height=148.70
2022-12-28 18:45:14 provname=黑龙江,obtid=50953,obtname=哈尔滨,lat=45.56,lon=126.34,height=118.30
2022-12-28 18:45:14 provname=黑龙江,obtid=50955,obtname=双城,lat=45.24,lon=126.19,height=168.30
2022-12-28 18:45:14 provname=黑龙江,obtid=50963,obtname=通河,lat=45.58,lon=128.44,height=108.60
2022-12-28 18:45:14 provname=黑龙江,obtid=50968,obtname=尚志,lat=45.13,lon=127.58,height=189.70
2022-12-28 18:45:14 provname=黑龙江,obtid=50973,obtname=勃利,lat=45.45,lon=130.36,height=234.40
2022-12-28 18:45:14 provname=黑龙江,obtid=50978,obtname=鸡西,lat=45.18,lon=130.55,height=272.50
2022-12-28 18:45:14 provname=黑龙江,obtid=50983,obtname=虎林,lat=45.46,lon=132.58,height=100.20
2022-12-28 18:45:14 provname=黑龙江,obtid=54094,obtname=牡丹江,lat=44.30,lon=129.40,height=305.70
2022-12-28 18:45:14 provname=黑龙江,obtid=54096,obtname=绥芬河,lat=44.23,lon=131.10,height=567.80
2022-12-28 18:45:14 provname=湖北,obtid=57251,obtname=郧西,lat=33.00,lon=110.24,height=317.30
2022-12-28 18:45:14 provname=湖北,obtid=57256,obtname=十堰,lat=32.39,lon=110.47,height=286.50
2022-12-28 18:45:14 provname=湖北,obtid=57259,obtname=房县,lat=32.02,lon=110.46,height=426.90
2022-12-28 18:45:14 provname=湖北,obtid=57265,obtname=老河口,lat=32.26,lon=111.44,height=132.10
2022-12-28 18:45:14 provname=湖北,obtid=57278,obtname=襄樊,lat=32.00,lon=112.05,height=163.40
2022-12-28 18:45:14 provname=湖北,obtid=57279,obtname=枣阳,lat=32.09,lon=112.45,height=125.50
2022-12-28 18:45:14 provname=湖北,obtid=57355,obtname=巴东,lat=31.02,lon=110.22,height=334.00
2022-12-28 18:45:14 provname=湖北,obtid=57358,obtname=秭归,lat=30.50,lon=110.58,height=295.50
2022-12-28 18:45:14 provname=湖北,obtid=57359,obtname=兴山,lat=31.21,lon=110.44,height=336.80
2022-12-28 18:45:14 provname=湖北,obtid=57363,obtname=南漳,lat=31.48,lon=111.50,height=151.00
2022-12-28 18:45:14 provname=湖北,obtid=57378,obtname=钟祥,lat=31.11,lon=112.37,height=108.00
2022-12-28 18:45:14 provname=湖北,obtid=57381,obtname=随州,lat=31.37,lon=113.20,height=116.30
2022-12-28 18:45:14 provname=湖北,obtid=57395,obtname=大悟,lat=31.34,lon=114.07,height=74.90
2022-12-28 18:45:14 provname=湖北,obtid=57399,obtname=麻城,lat=31.08,lon=114.57,height=74.30
2022-12-28 18:45:14 provname=湖北,obtid=57439,obtname=利川,lat=30.17,lon=108.56,height=1074.10
2022-12-28 18:45:14 provname=湖北,obtid=57445,obtname=建始,lat=30.36,lon=109.43,height=609.20
2022-12-28 18:45:14 provname=湖北,obtid=57447,obtname=恩施,lat=30.17,lon=109.28,height=457.10
2022-12-28 18:45:14 provname=湖北,obtid=57458,obtname=五峰,lat=30.12,lon=110.40,height=619.90
2022-12-28 18:45:14 provname=湖北,obtid=57461,obtname=宜昌,lat=30.44,lon=111.22,height=256.50
2022-12-28 18:45:14 provname=湖北,obtid=57476,obtname=荆州,lat=30.21,lon=112.09,height=31.80
2022-12-28 18:45:14 provname=湖北,obtid=57482,obtname=孝感,lat=30.54,lon=113.57,height=25.50
2022-12-28 18:45:14 provname=湖北,obtid=57483,obtname=天门,lat=30.40,lon=113.08,height=31.90
2022-12-28 18:45:14 provname=湖北,obtid=57493,obtname=江夏,lat=30.21,lon=114.20,height=73.50
2022-12-28 18:45:14 provname=湖北,obtid=57494,obtname=武汉,lat=30.36,lon=114.03,height=23.60
2022-12-28 18:45:14 provname=湖北,obtid=57545,obtname=来凤,lat=29.32,lon=109.25,height=502.80
2022-12-28 18:45:14 provname=湖北,obtid=57573,obtname=监利,lat=29.50,lon=112.54,height=30.00
2022-12-28 18:45:14 provname=湖北,obtid=57581,obtname=洪湖,lat=29.49,lon=113.27,height=27.40
2022-12-28 18:45:14 provname=湖北,obtid=57583,obtname=嘉鱼,lat=29.55,lon=113.58,height=61.70
2022-12-28 18:45:14 provname=湖北,obtid=57595,obtname=通山,lat=29.36,lon=114.30,height=76.10
2022-12-28 18:45:14 provname=湖北,obtid=58402,obtname=英山,lat=30.44,lon=115.40,height=123.80
2022-12-28 18:45:14 provname=湖北,obtid=58407,obtname=黄石,lat=30.14,lon=115.02,height=32.20
2022-12-28 18:45:14 provname=湖北,obtid=58500,obtname=阳新,lat=29.54,lon=115.13,height=57.00
2022-12-28 18:45:14 provname=湖南,obtid=57554,obtname=桑植,lat=29.24,lon=110.10,height=322.20
2022-12-28 18:45:14 provname=湖南,obtid=57562,obtname=石门,lat=29.35,lon=111.22,height=116.90
2022-12-28 18:45:14 provname=湖南,obtid=57574,obtname=南县,lat=29.22,lon=112.24,height=36.00
2022-12-28 18:45:14 provname=湖南,obtid=57584,obtname=岳阳,lat=29.23,lon=113.05,height=53.00
2022-12-28 18:45:14 provname=湖南,obtid=57642,obtname=保靖,lat=28.42,lon=109.39,height=325.30
2022-12-28 18:45:14 provname=湖南,obtid=57649,obtname=吉首,lat=28.14,lon=109.41,height=254.60
2022-12-28 18:45:14 provname=湖南,obtid=57655,obtname=沅陵,lat=28.28,lon=110.24,height=151.60
2022-12-28 18:45:14 provname=湖南,obtid=57662,obtname=常德,lat=29.07,lon=111.41,height=150.60
2022-12-28 18:45:14 provname=湖南,obtid=57669,obtname=安化,lat=28.23,lon=111.13,height=128.30
2022-12-28 18:45:14 provname=湖南,obtid=57671,obtname=沅江,lat=28.51,lon=112.22,height=37.00
2022-12-28 18:45:14 provname=湖南,obtid=57673,obtname=湘阴,lat=28.41,lon=112.53,height=53.20
2022-12-28 18:45:14 provname=湖南,obtid=57679,obtname=马坡岭,lat=28.12,lon=113.11,height=101.40
2022-12-28 18:45:14 provname=湖南,obtid=57682,obtname=平江,lat=28.43,lon=113.34,height=106.30
2022-12-28 18:45:14 provname=湖南,obtid=57687,obtname=长沙,lat=28.06,lon=112.47,height=119.00
2022-12-28 18:45:14 provname=湖南,obtid=57745,obtname=芷江,lat=27.27,lon=109.41,height=272.20
2022-12-28 18:45:14 provname=湖南,obtid=57749,obtname=怀化,lat=27.34,lon=110.00,height=257.80
2022-12-28 18:45:14 provname=湖南,obtid=57752,obtname=溆浦,lat=27.55,lon=110.36,height=204.00
2022-12-28 18:45:14 provname=湖南,obtid=57758,obtname=洞口,lat=27.02,lon=110.36,height=339.50
2022-12-28 18:45:14 provname=湖南,obtid=57761,obtname=新化,lat=27.45,lon=111.18,height=211.90
2022-12-28 18:45:14 provname=湖南,obtid=57766,obtname=邵阳市,lat=27.11,lon=111.27,height=311.00
2022-12-28 18:45:14 provname=湖南,obtid=57774,obtname=双峰,lat=27.27,lon=112.10,height=100.00
2022-12-28 18:45:14 provname=湖南,obtid=57776,obtname=南岳,lat=27.18,lon=112.42,height=1265.90
2022-12-28 18:45:14 provname=湖南,obtid=57779,obtname=攸县,lat=27.00,lon=113.21,height=102.50
2022-12-28 18:45:14 provname=湖南,obtid=57780,obtname=株洲,lat=27.52,lon=113.10,height=74.60
2022-12-28 18:45:14 provname=湖南,obtid=57841,obtname=靖州,lat=26.34,lon=109.40,height=320.30
2022-12-28 18:45:14 provname=湖南,obtid=57845,obtname=通道,lat=26.10,lon=109.47,height=397.50
2022-12-28 18:45:14 provname=湖南,obtid=57853,obtname=武冈,lat=26.44,lon=110.38,height=341.00
2022-12-28 18:45:14 provname=湖南,obtid=57857,obtname=城步,lat=26.22,lon=110.19,height=477.70
2022-12-28 18:45:14 provname=湖南,obtid=57860,obtname=邵阳县,lat=27.00,lon=111.17,height=283.30
2022-12-28 18:45:14 provname=湖南,obtid=57866,obtname=永州,lat=26.14,lon=111.37,height=172.60
2022-12-28 18:45:14 provname=湖南,obtid=57872,obtname=衡阳市,lat=26.53,lon=112.36,height=104.90
2022-12-28 18:45:14 provname=湖南,obtid=57874,obtname=常宁,lat=26.25,lon=112.24,height=116.60
2022-12-28 18:45:14 provname=湖南,obtid=57889,obtname=桂东,lat=26.05,lon=113.57,height=835.90
2022-12-28 18:45:14 provname=湖南,obtid=57965,obtname=道县,lat=25.32,lon=111.36,height=192.20
2022-12-28 18:45:14 provname=湖南,obtid=57972,obtname=郴州,lat=25.44,lon=112.58,height=368.80
2022-12-28 18:45:14 provname=湖南,obtid=57974,obtname=嘉禾,lat=25.35,lon=112.22,height=214.50
2022-12-28 18:45:14 provname=吉林,obtid=50936,obtname=白城,lat=45.38,lon=122.50,height=155.30
2022-12-28 18:45:14 provname=吉林,obtid=50945,obtname=大安,lat=45.30,lon=124.14,height=138.10
2022-12-28 18:45:14 provname=吉林,obtid=50948,obtname=乾安,lat=45.00,lon=124.01,height=146.30
2022-12-28 18:45:14 provname=吉林,obtid=50949,obtname=前郭,lat=45.05,lon=124.52,height=136.20
2022-12-28 18:45:14 provname=吉林,obtid=54041,obtname=通榆,lat=44.48,lon=123.04,height=150.00
2022-12-28 18:45:14 provname=吉林,obtid=54049,obtname=长岭,lat=44.15,lon=123.58,height=188.90
2022-12-28 18:45:14 provname=吉林,obtid=54063,obtname=扶余,lat=44.58,lon=126.00,height=196.80
2022-12-28 18:45:14 provname=吉林,obtid=54064,obtname=农安,lat=44.23,lon=125.09,height=170.20
2022-12-28 18:45:14 provname=吉林,obtid=54142,obtname=双辽,lat=43.30,lon=123.32,height=114.90
2022-12-28 18:45:14 provname=吉林,obtid=54157,obtname=四平,lat=43.07,lon=124.23,height=179.50
2022-12-28 18:45:14 provname=吉林,obtid=54161,obtname=长春,lat=43.54,lon=125.13,height=236.80
2022-12-28 18:45:14 provname=吉林,obtid=54165,obtname=双阳,lat=43.33,lon=125.38,height=219.50
2022-12-28 18:45:14 provname=吉林,obtid=54171,obtname=永吉,lat=43.42,lon=126.31,height=229.50
2022-12-28 18:45:14 provname=吉林,obtid=54181,obtname=蛟河,lat=43.42,lon=127.20,height=295.00
2022-12-28 18:45:14 provname=吉林,obtid=54186,obtname=敦化,lat=43.22,lon=128.12,height=524.90
2022-12-28 18:45:14 provname=吉林,obtid=54195,obtname=汪清,lat=43.18,lon=129.47,height=244.80
2022-12-28 18:45:14 provname=吉林,obtid=54260,obtname=辽源,lat=42.55,lon=125.05,height=252.90
2022-12-28 18:45:14 provname=吉林,obtid=54263,obtname=磐石,lat=42.58,lon=126.05,height=351.20
2022-12-28 18:45:14 provname=吉林,obtid=54266,obtname=梅河口,lat=42.32,lon=125.38,height=340.50
2022-12-28 18:45:14 provname=吉林,obtid=54273,obtname=桦甸,lat=42.59,lon=126.45,height=263.30
2022-12-28 18:45:14 provname=吉林,obtid=54276,obtname=靖宇,lat=42.24,lon=126.48,height=570.00
2022-12-28 18:45:14 provname=吉林,obtid=54284,obtname=东岗,lat=42.09,lon=127.30,height=774.20
2022-12-28 18:45:14 provname=吉林,obtid=54285,obtname=二道,lat=42.25,lon=128.07,height=721.40
2022-12-28 18:45:14 provname=吉林,obtid=54286,obtname=和龙?,lat=42.32,lon=129.00,height=475.60
2022-12-28 18:45:14 provname=吉林,obtid=54292,obtname=延吉,lat=42.52,lon=129.30,height=257.30
2022-12-28 18:45:14 provname=吉林,obtid=54363,obtname=通化?,lat=41.41,lon=125.54,height=402.90
2022-12-28 18:45:14 provname=吉林,obtid=54374,obtname=临江,lat=41.48,lon=126.53,height=379.70
2022-12-28 18:45:14 provname=吉林,obtid=54377,obtname=集安,lat=41.09,lon=126.13,height=225.10
2022-12-28 18:45:14 provname=吉林,obtid=54386,obtname=长白,lat=41.25,lon=128.11,height=775.00
2022-12-28 18:45:14 provname=江苏,obtid=58026,obtname=邳州,lat=34.24,lon=118.01,height=25.70
2022-12-28 18:45:14 provname=江苏,obtid=58027,obtname=徐州,lat=34.17,lon=117.09,height=41.20
2022-12-28 18:45:14 provname=江苏,obtid=58038,obtname=沭阳,lat=34.05,lon=118.47,height=10.40
2022-12-28 18:45:14 provname=江苏,obtid=58040,obtname=赣榆,lat=34.51,lon=119.08,height=5.30
2022-12-28 18:45:14 provname=江苏,obtid=58047,obtname=灌云,lat=34.15,lon=119.14,height=4.80
2022-12-28 18:45:14 provname=江苏,obtid=58130,obtname=睢宁,lat=33.56,lon=117.57,height=23.80
2022-12-28 18:45:14 provname=江苏,obtid=58135,obtname=泗洪,lat=33.29,lon=118.13,height=16.90
2022-12-28 18:45:14 provname=江苏,obtid=58138,obtname=盱眙,lat=32.59,lon=118.31,height=40.80
2022-12-28 18:45:14 provname=江苏,obtid=58141,obtname=淮安,lat=33.38,lon=118.56,height=12.50
2022-12-28 18:45:14 provname=江苏,obtid=58143,obtname=阜宁,lat=33.48,lon=119.51,height=4.80
2022-12-28 18:45:14 provname=江苏,obtid=58150,obtname=射阳,lat=33.45,lon=120.18,height=1.80
2022-12-28 18:45:14 provname=江苏,obtid=58158,obtname=大丰,lat=33.10,lon=120.27,height=3.10
2022-12-28 18:45:14 provname=江苏,obtid=58238,obtname=南京,lat=31.56,lon=118.54,height=35.20
2022-12-28 18:45:14 provname=江苏,obtid=58241,obtname=高邮,lat=32.48,lon=119.27,height=5.40
2022-12-28 18:45:14 provname=江苏,obtid=58251,obtname=东台,lat=32.51,lon=120.17,height=3.30
2022-12-28 18:45:14 provname=江苏,obtid=58252,obtname=丹徒,lat=32.11,lon=119.28,height=27.30
2022-12-28 18:45:14 provname=江苏,obtid=58255,obtname=如皋,lat=32.22,lon=120.34,height=6.40
2022-12-28 18:45:14 provname=江苏,obtid=58259,obtname=南通,lat=32.05,lon=120.59,height=4.80
2022-12-28 18:45:14 provname=江苏,obtid=58265,obtname=吕泗,lat=32.04,lon=121.36,height=3.60
2022-12-28 18:45:14 provname=江苏,obtid=58343,obtname=常州,lat=31.52,lon=119.59,height=4.40
2022-12-28 18:45:14 provname=江苏,obtid=58345,obtname=溧阳,lat=31.26,lon=119.30,height=5.90
2022-12-28 18:45:14 provname=江苏,obtid=58354,obtname=无锡,lat=31.37,lon=120.21,height=3.20
2022-12-28 18:45:14 provname=江苏,obtid=58356,obtname=昆山,lat=31.24,lon=121.00,height=3.20
2022-12-28 18:45:14 provname=江苏,obtid=58358,obtname=东山,lat=31.04,lon=120.26,height=16.70
2022-12-28 18:45:14 provname=江西,obtid=57598,obtname=修水,lat=29.02,lon=114.35,height=146.80
2022-12-28 18:45:14 provname=江西,obtid=57696,obtname=宜丰,lat=28.24,lon=114.47,height=91.70
2022-12-28 18:45:14 provname=江西,obtid=57789,obtname=莲花,lat=27.08,lon=113.57,height=194.50
2022-12-28 18:45:14 provname=江西,obtid=57793,obtname=宜春,lat=27.48,lon=114.23,height=131.30
2022-12-28 18:45:14 provname=江西,obtid=57799,obtname=吉安县,lat=27.03,lon=114.55,height=71.20
2022-12-28 18:45:14 provname=江西,obtid=57894,obtname=井冈山,lat=26.35,lon=114.10,height=843.00
2022-12-28 18:45:14 provname=江西,obtid=57896,obtname=遂川,lat=26.20,lon=114.30,height=126.10
2022-12-28 18:45:14 provname=江西,obtid=57993,obtname=赣县,lat=25.52,lon=115.00,height=137.50
2022-12-28 18:45:14 provname=江西,obtid=58506,obtname=庐山,lat=29.34,lon=115.59,height=1164.50
2022-12-28 18:45:14 provname=江西,obtid=58507,obtname=武宁,lat=29.15,lon=115.07,height=116.00
2022-12-28 18:45:14 provname=江西,obtid=58519,obtname=波阳,lat=29.00,lon=116.41,height=40.10
2022-12-28 18:45:14 provname=江西,obtid=58527,obtname=景德镇,lat=29.18,lon=117.12,height=61.50
2022-12-28 18:45:14 provname=江西,obtid=58600,obtname=靖安,lat=28.52,lon=115.22,height=78.90
2022-12-28 18:45:14 provname=江西,obtid=58606,obtname=南昌,lat=28.36,lon=115.55,height=46.90
2022-12-28 18:45:14 provname=江西,obtid=58608,obtname=樟树,lat=28.04,lon=115.33,height=30.40
2022-12-28 18:45:14 provname=江西,obtid=58622,obtname=德兴,lat=28.57,lon=117.35,height=88.50
2022-12-28 18:45:14 provname=江西,obtid=58626,obtname=贵溪,lat=28.18,lon=117.14,height=60.80
2022-12-28 18:45:14 provname=江西,obtid=58634,obtname=玉山,lat=28.41,lon=118.15,height=116.30
2022-12-28 18:45:14 provname=江西,obtid=58637,obtname=上饶,lat=28.27,lon=117.59,height=118.20
2022-12-28 18:45:14 provname=江西,obtid=58705,obtname=永丰,lat=27.20,lon=115.25,height=85.70
2022-12-28 18:45:14 provname=江西,obtid=58715,obtname=南城,lat=27.35,lon=116.39,height=80.80
2022-12-28 18:45:14 provname=江西,obtid=58718,obtname=南丰,lat=27.13,lon=116.32,height=111.50
2022-12-28 18:45:14 provname=江西,obtid=58806,obtname=宁都,lat=26.29,lon=116.01,height=209.10
2022-12-28 18:45:14 provname=江西,obtid=58813,obtname=广昌,lat=26.51,lon=116.20,height=143.80
2022-12-28 18:45:14 provname=江西,obtid=59092,obtname=龙南,lat=24.52,lon=114.48,height=250.20
2022-12-28 18:45:14 provname=江西,obtid=59102,obtname=寻乌,lat=24.57,lon=115.39,height=303.90
2022-12-28 18:45:14 provname=辽宁,obtid=54236,obtname=彰武,lat=42.23,lon=122.33,height=79.40
2022-12-28 18:45:14 provname=辽宁,obtid=54237,obtname=阜新,lat=42.04,lon=121.45,height=167.80
2022-12-28 18:45:14 provname=辽宁,obtid=54243,obtname=昌图,lat=42.47,lon=124.06,height=165.10
2022-12-28 18:45:14 provname=辽宁,obtid=54254,obtname=开原,lat=42.32,lon=124.03,height=98.20
2022-12-28 18:45:14 provname=辽宁,obtid=54259,obtname=清原,lat=42.04,lon=124.52,height=224.00
2022-12-28 18:45:14 provname=辽宁,obtid=54324,obtname=朝阳,lat=41.33,lon=120.26,height=174.30
2022-12-28 18:45:14 provname=辽宁,obtid=54326,obtname=建平县,lat=41.25,lon=119.37,height=462.20
2022-12-28 18:45:14 provname=辽宁,obtid=54333,obtname=新民,lat=41.58,lon=122.51,height=30.90
2022-12-28 18:45:14 provname=辽宁,obtid=54334,obtname=义县,lat=41.31,lon=121.15,height=74.20
2022-12-28 18:45:14 provname=辽宁,obtid=54335,obtname=黑山,lat=41.41,lon=122.05,height=37.50
2022-12-28 18:45:14 provname=辽宁,obtid=54337,obtname=锦州,lat=41.08,lon=121.07,height=65.90
2022-12-28 18:45:14 provname=辽宁,obtid=54339,obtname=鞍山,lat=41.05,lon=123.00,height=77.30
2022-12-28 18:45:14 provname=辽宁,obtid=54342,obtname=沈阳,lat=41.44,lon=123.31,height=49.00
2022-12-28 18:45:14 provname=辽宁,obtid=54346,obtname=本溪,lat=41.18,lon=123.47,height=185.40
2022-12-28 18:45:14 provname=辽宁,obtid=54349,obtname=本溪县,lat=41.18,lon=124.08,height=258.90
2022-12-28 18:45:14 provname=辽宁,obtid=54351,obtname=抚顺,lat=41.55,lon=124.04,height=118.50
2022-12-28 18:45:14 provname=辽宁,obtid=54353,obtname=新宾,lat=41.44,lon=125.03,height=328.40
2022-12-28 18:45:14 provname=辽宁,obtid=54365,obtname=桓仁,lat=41.17,lon=125.21,height=245.50
2022-12-28 18:45:14 provname=辽宁,obtid=54452,obtname=建昌,lat=40.48,lon=119.48,height=367.00
2022-12-28 18:45:14 provname=辽宁,obtid=54454,obtname=绥中,lat=40.20,lon=120.18,height=29.00
2022-12-28 18:45:14 provname=辽宁,obtid=54455,obtname=兴城,lat=40.37,lon=120.39,height=20.50
2022-12-28 18:45:14 provname=辽宁,obtid=54470,obtname=大洼,lat=41.01,lon=122.03,height=5.50
2022-12-28 18:45:14 provname=辽宁,obtid=54471,obtname=营口,lat=40.40,lon=122.10,height=3.80
2022-12-28 18:45:14 provname=辽宁,obtid=54472,obtname=海城,lat=40.53,lon=122.45,height=25.30
2022-12-28 18:45:14 provname=辽宁,obtid=54476,obtname=熊岳,lat=40.11,lon=122.09,height=20.40
2022-12-28 18:45:14 provname=辽宁,obtid=54486,obtname=岫岩,lat=40.20,lon=123.17,height=97.70
2022-12-28 18:45:14 provname=辽宁,obtid=54493,obtname=宽甸,lat=40.43,lon=124.47,height=260.10
2022-12-28 18:45:14 provname=辽宁,obtid=54497,obtname=丹东,lat=40.02,lon=124.20,height=13.80
2022-12-28 18:45:14 provname=辽宁,obtid=54563,obtname=瓦房店,lat=39.38,lon=122.01,height=118.70
2022-12-28 18:45:14 provname=辽宁,obtid=54579,obtname=长海,lat=39.16,lon=122.35,height=35.50
2022-12-28 18:45:14 provname=辽宁,obtid=54584,obtname=庄河,lat=39.43,lon=122.57,height=34.80
2022-12-28 18:45:14 provname=辽宁,obtid=54660,obtname=旅顺,lat=38.49,lon=121.14,height=66.70
2022-12-28 18:45:14 provname=辽宁,obtid=54662,obtname=大连,lat=38.55,lon=121.38,height=91.50
2022-12-28 18:45:14 provname=内蒙古,obtid=50425,obtname=额尔古纳市,lat=50.15,lon=120.11,height=581.40
2022-12-28 18:45:14 provname=内蒙古,obtid=50434,obtname=图里河,lat=50.29,lon=121.41,height=732.60
2022-12-28 18:45:14 provname=内蒙古,obtid=50514,obtname=满洲里,lat=49.35,lon=117.19,height=661.80
2022-12-28 18:45:14 provname=内蒙古,obtid=50527,obtname=海拉尔,lat=49.15,lon=119.42,height=649.60
2022-12-28 18:45:14 provname=内蒙古,obtid=50548,obtname=小二沟,lat=49.12,lon=123.43,height=286.10
2022-12-28 18:45:14 provname=内蒙古,obtid=50603,obtname=新巴尔虎右旗,lat=48.41,lon=116.49,height=542.40
2022-12-28 18:45:14 provname=内蒙古,obtid=50618,obtname=新巴尔虎左旗,lat=48.13,lon=118.16,height=642.00
2022-12-28 18:45:14 provname=内蒙古,obtid=50632,obtname=博克图,lat=48.46,lon=121.55,height=739.70
2022-12-28 18:45:14 provname=内蒙古,obtid=50639,obtname=扎兰屯,lat=48.00,lon=122.44,height=306.50
2022-12-28 18:45:14 provname=内蒙古,obtid=50727,obtname=阿尔山,lat=47.10,lon=119.56,height=997.20
2022-12-28 18:45:14 provname=内蒙古,obtid=50834,obtname=索伦,lat=46.36,lon=121.13,height=499.70
2022-12-28 18:45:14 provname=内蒙古,obtid=50838,obtname=乌兰浩特,lat=46.05,lon=122.03,height=274.70
2022-12-28 18:45:14 provname=内蒙古,obtid=50915,obtname=东乌珠穆沁,lat=45.31,lon=116.58,height=838.90
2022-12-28 18:45:14 provname=内蒙古,obtid=50924,obtname=霍林郭勒,lat=45.33,lon=119.39,height=860.00
2022-12-28 18:45:14 provname=内蒙古,obtid=52267,obtname=额济纳旗,lat=41.57,lon=101.04,height=940.50
2022-12-28 18:45:14 provname=内蒙古,obtid=52495,obtname=巴彦诺尔公,lat=40.10,lon=104.48,height=1323.90
2022-12-28 18:45:14 provname=内蒙古,obtid=52576,obtname=阿右旗,lat=39.13,lon=101.41,height=1510.10
2022-12-28 18:45:14 provname=内蒙古,obtid=53068,obtname=二连浩特,lat=43.37,lon=111.56,height=963.10
2022-12-28 18:45:14 provname=内蒙古,obtid=53083,obtname=那仁宝力格,lat=44.37,lon=114.09,height=1181.60
2022-12-28 18:45:14 provname=内蒙古,obtid=53149,obtname=满都拉气象站,lat=42.32,lon=110.08,height=1225.20
2022-12-28 18:45:14 provname=内蒙古,obtid=53192,obtname=阿巴嘎旗,lat=44.01,lon=115.00,height=1147.70
2022-12-28 18:45:14 provname=内蒙古,obtid=53195,obtname=苏尼特左旗,lat=43.51,lon=113.38,height=1036.70
2022-12-28 18:45:14 provname=内蒙古,obtid=53276,obtname=朱日和,lat=42.24,lon=112.54,height=1150.80
2022-12-28 18:45:14 provname=内蒙古,obtid=53336,obtname=乌拉特中旗,lat=41.34,lon=108.31,height=1288.00
2022-12-28 18:45:14 provname=内蒙古,obtid=53352,obtname=达茂旗气象局,lat=41.42,lon=110.26,height=1376.60
2022-12-28 18:45:14 provname=内蒙古,obtid=53362,obtname=四子王,lat=41.32,lon=111.41,height=1490.10
2022-12-28 18:45:14 provname=内蒙古,obtid=53367,obtname=希拉穆仁气侯站,lat=41.19,lon=111.14,height=1602.30
2022-12-28 18:45:14 provname=内蒙古,obtid=53391,obtname=化德,lat=41.54,lon=114.00,height=1482.70
2022-12-28 18:45:14 provname=内蒙古,obtid=53446,obtname=包头市气象台,lat=40.32,lon=109.53,height=1004.70
2022-12-28 18:45:14 provname=内蒙古,obtid=53463,obtname=呼和浩特,lat=40.51,lon=111.34,height=1153.50
2022-12-28 18:45:14 provname=内蒙古,obtid=53480,obtname=集宁,lat=41.02,lon=113.04,height=1419.30
2022-12-28 18:45:14 provname=内蒙古,obtid=53502,obtname=吉兰太,lat=39.47,lon=105.45,height=1031.80
2022-12-28 18:45:14 provname=内蒙古,obtid=53513,obtname=临河,lat=40.44,lon=107.22,height=1041.10
2022-12-28 18:45:14 provname=内蒙古,obtid=53529,obtname=鄂托克旗,lat=39.05,lon=107.58,height=1381.40
2022-12-28 18:45:14 provname=内蒙古,obtid=53543,obtname=东胜,lat=39.50,lon=109.59,height=1461.90
2022-12-28 18:45:14 provname=内蒙古,obtid=53547,obtname=乌审召,lat=39.06,lon=109.02,height=1312.20
2022-12-28 18:45:14 provname=内蒙古,obtid=53602,obtname=阿拉善左旗,lat=38.50,lon=105.40,height=1561.40
2022-12-28 18:45:14 provname=内蒙古,obtid=54012,obtname=西乌珠穆沁,lat=44.34,lon=117.38,height=1001.70
2022-12-28 18:45:14 provname=内蒙古,obtid=54026,obtname=扎鲁特,lat=44.34,lon=120.54,height=265.00
2022-12-28 18:45:14 provname=内蒙古,obtid=54027,obtname=巴林左旗,lat=43.59,lon=119.24,height=486.20
2022-12-28 18:45:14 provname=内蒙古,obtid=54102,obtname=锡林浩特,lat=43.57,lon=116.07,height=1003.00
2022-12-28 18:45:14 provname=内蒙古,obtid=54115,obtname=林西县,lat=43.38,lon=118.02,height=825.00
2022-12-28 18:45:14 provname=内蒙古,obtid=54134,obtname=开鲁,lat=43.36,lon=121.17,height=241.00
2022-12-28 18:45:14 provname=内蒙古,obtid=54135,obtname=通辽,lat=43.36,lon=122.16,height=178.70
2022-12-28 18:45:14 provname=内蒙古,obtid=54208,obtname=多伦县,lat=42.12,lon=116.28,height=1245.40
2022-12-28 18:45:14 provname=内蒙古,obtid=54213,obtname=翁牛特旗,lat=42.56,lon=119.01,height=634.30
2022-12-28 18:45:14 provname=内蒙古,obtid=54218,obtname=赤峰,lat=42.18,lon=118.50,height=668.60
2022-12-28 18:45:14 provname=内蒙古,obtid=54226,obtname=宝国吐,lat=42.20,lon=120.42,height=400.50
2022-12-28 18:45:14 provname=宁夏,obtid=53519,obtname=惠农,lat=39.13,lon=106.46,height=1092.50
2022-12-28 18:45:14 provname=宁夏,obtid=53612,obtname=吴忠,lat=37.59,lon=106.11,height=1128.80
2022-12-28 18:45:14 provname=宁夏,obtid=53614,obtname=银川,lat=38.28,lon=106.12,height=1110.90
2022-12-28 18:45:14 provname=宁夏,obtid=53615,obtname=陶乐,lat=38.48,lon=106.42,height=1101.60
2022-12-28 18:45:14 provname=宁夏,obtid=53704,obtname=中卫,lat=37.32,lon=105.11,height=1225.70
2022-12-28 18:45:14 provname=宁夏,obtid=53705,obtname=中宁,lat=37.29,lon=105.41,height=1183.40
2022-12-28 18:45:14 provname=宁夏,obtid=53723,obtname=盐池,lat=37.48,lon=107.23,height=1349.30
2022-12-28 18:45:14 provname=宁夏,obtid=53806,obtname=海原,lat=36.34,lon=105.39,height=1854.20
2022-12-28 18:45:14 provname=宁夏,obtid=53810,obtname=同心,lat=36.58,lon=105.54,height=1339.30
2022-12-28 18:45:14 provname=宁夏,obtid=53817,obtname=固原,lat=36.00,lon=106.16,height=1753.00
2022-12-28 18:45:14 provname=宁夏,obtid=53903,obtname=西吉,lat=35.58,lon=105.43,height=1916.50
2022-12-28 18:45:14 provname=宁夏,obtid=53910,obtname=六盘山,lat=35.40,lon=106.12,height=2841.20
2022-12-28 18:45:14 provname=青海,obtid=51886,obtname=茫崖,lat=38.15,lon=90.51,height=2944.80
2022-12-28 18:45:14 provname=青海,obtid=52602,obtname=冷湖,lat=38.45,lon=93.20,height=2770.00
2022-12-28 18:45:14 provname=青海,obtid=52633,obtname=托勒,lat=38.49,lon=98.25,height=3367.00
2022-12-28 18:45:14 provname=青海,obtid=52645,obtname=野牛沟,lat=38.26,lon=99.36,height=3314.00
2022-12-28 18:45:14 provname=青海,obtid=52657,obtname=祁连,lat=38.11,lon=100.15,height=2787.40
2022-12-28 18:45:14 provname=青海,obtid=52707,obtname=小灶火,lat=36.48,lon=93.41,height=2767.00
2022-12-28 18:45:14 provname=青海,obtid=52713,obtname=大柴旦,lat=37.51,lon=95.21,height=3173.20
2022-12-28 18:45:14 provname=青海,obtid=52737,obtname=德令哈,lat=37.22,lon=97.23,height=2981.50
2022-12-28 18:45:14 provname=青海,obtid=52754,obtname=刚察,lat=37.20,lon=100.08,height=13301.50
2022-12-28 18:45:14 provname=青海,obtid=52765,obtname=门源,lat=37.23,lon=101.37,height=12850.00
2022-12-28 18:45:14 provname=青海,obtid=52818,obtname=格尔木,lat=36.25,lon=94.55,height=2807.60
2022-12-28 18:45:14 provname=青海,obtid=52825,obtname=诺木洪,lat=36.26,lon=96.26,height=2790.40
2022-12-28 18:45:14 provname=青海,obtid=52833,obtname=乌兰,lat=36.56,lon=98.29,height=12950.00
2022-12-28 18:45:14 provname=青海,obtid=52836,obtname=都兰,lat=36.18,lon=98.06,height=3189.00
2022-12-28 18:45:14 provname=青海,obtid=52842,obtname=茶卡,lat=36.47,lon=99.05,height=3087.60
2022-12-28 18:45:14 provname=青海,obtid=52856,obtname=共和,lat=36.16,lon=100.37,height=2835.00
2022-12-28 18:45:14 provname=青海,obtid=52866,obtname=西宁,lat=36.44,lon=101.45,height=2295.20
2022-12-28 18:45:14 provname=青海,obtid=52868,obtname=贵德,lat=36.01,lon=101.22,height=2273.00
2022-12-28 18:45:14 provname=青海,obtid=52876,obtname=民和,lat=36.20,lon=102.50,height=1813.90
2022-12-28 18:45:14 provname=青海,obtid=52908,obtname=五道梁,lat=35.13,lon=93.05,height=4612.20
2022-12-28 18:45:14 provname=青海,obtid=52943,obtname=兴海,lat=35.35,lon=99.59,height=3323.20
2022-12-28 18:45:14 provname=青海,obtid=52955,obtname=贵南,lat=35.35,lon=100.44,height=13120.00
2022-12-28 18:45:14 provname=青海,obtid=52974,obtname=同仁,lat=35.33,lon=102.02,height=2475.00
2022-12-28 18:45:14 provname=青海,obtid=56004,obtname=托托河,lat=34.13,lon=92.26,height=4533.10
2022-12-28 18:45:14 provname=青海,obtid=56018,obtname=杂多,lat=32.53,lon=95.17,height=4066.40
2022-12-28 18:45:14 provname=青海,obtid=56021,obtname=曲麻莱,lat=34.07,lon=95.48,height=4175.00
2022-12-28 18:45:14 provname=青海,obtid=56029,obtname=玉树,lat=33.00,lon=96.58,height=3716.90
2022-12-28 18:45:14 provname=青海,obtid=56033,obtname=玛多,lat=34.55,lon=98.13,height=4272.30
2022-12-28 18:45:14 provname=青海,obtid=56034,obtname=清水河,lat=33.48,lon=97.08,height=4415.40
2022-12-28 18:45:14 provname=青海,obtid=56043,obtname=玛沁,lat=34.29,lon=100.14,height=3719.00
2022-12-28 18:45:14 provname=青海,obtid=56046,obtname=达日,lat=33.45,lon=99.39,height=3967.50
2022-12-28 18:45:14 provname=青海,obtid=56065,obtname=河南,lat=34.44,lon=101.36,height=13500.00
2022-12-28 18:45:14 provname=青海,obtid=56067,obtname=久治,lat=33.26,lon=101.29,height=3628.50
2022-12-28 18:45:14 provname=青海,obtid=56125,obtname=囊谦,lat=32.12,lon=96.28,height=3643.70
2022-12-28 18:45:14 provname=青海,obtid=56151,obtname=班玛,lat=32.56,lon=100.45,height=13530.00
2022-12-28 18:45:14 provname=山东,obtid=54715,obtname=陵县,lat=37.19,lon=116.31,height=17.60
2022-12-28 18:45:14 provname=山东,obtid=54725,obtname=惠民,lat=37.30,lon=117.32,height=11.70
2022-12-28 18:45:14 provname=山东,obtid=54727,obtname=章丘,lat=36.41,lon=117.33,height=121.80
2022-12-28 18:45:14 provname=山东,obtid=54744,obtname=垦利,lat=37.35,lon=118.33,height=8.50
2022-12-28 18:45:14 provname=山东,obtid=54751,obtname=长岛,lat=37.56,lon=120.44,height=39.70
2022-12-28 18:45:14 provname=山东,obtid=54753,obtname=龙口,lat=37.38,lon=120.20,height=4.80
2022-12-28 18:45:14 provname=山东,obtid=54764,obtname=福山,lat=37.29,lon=121.14,height=53.90
2022-12-28 18:45:14 provname=山东,obtid=54774,obtname=威海,lat=37.28,lon=122.08,height=65.40
2022-12-28 18:45:14 provname=山东,obtid=54776,obtname=成山头,lat=37.24,lon=122.42,height=47.70
2022-12-28 18:45:14 provname=山东,obtid=54808,obtname=莘县,lat=36.14,lon=115.38,height=37.80
2022-12-28 18:45:14 provname=山东,obtid=54823,obtname=济南,lat=36.36,lon=117.00,height=170.30
2022-12-28 18:45:14 provname=山东,obtid=54826,obtname=泰山,lat=36.15,lon=117.06,height=1533.70
2022-12-28 18:45:14 provname=山东,obtid=54836,obtname=沂源,lat=36.11,lon=118.10,height=305.10
2022-12-28 18:45:14 provname=山东,obtid=54842,obtname=平度,lat=36.47,lon=120.00,height=62.20
2022-12-28 18:45:14 provname=山东,obtid=54843,obtname=潍坊,lat=36.45,lon=119.12,height=22.20
2022-12-28 18:45:14 provname=山东,obtid=54857,obtname=青岛,lat=36.04,lon=120.20,height=76.00
2022-12-28 18:45:14 provname=山东,obtid=54863,obtname=海阳,lat=36.47,lon=121.11,height=40.90
2022-12-28 18:45:14 provname=山东,obtid=54909,obtname=定陶,lat=35.05,lon=115.31,height=51.50
2022-12-28 18:45:14 provname=山东,obtid=54916,obtname=兖州,lat=35.34,lon=116.51,height=51.70
2022-12-28 18:45:14 provname=山东,obtid=54929,obtname=费县,lat=35.16,lon=117.58,height=121.20
2022-12-28 18:45:14 provname=山东,obtid=54936,obtname=莒县,lat=35.34,lon=118.50,height=107.40
2022-12-28 18:45:14 provname=山东,obtid=54945,obtname=日照,lat=35.28,lon=119.33,height=64.40
2022-12-28 18:45:14 provname=山东,obtid=58034,obtname=郯城,lat=34.36,lon=118.19,height=36.20
2022-12-28 18:45:14 provname=山西,obtid=53478,obtname=右玉,lat=40.00,lon=112.27,height=1345.80
2022-12-28 18:45:14 provname=山西,obtid=53487,obtname=大同,lat=40.05,lon=113.25,height=1052.60
2022-12-28 18:45:14 provname=山西,obtid=53490,obtname=天镇,lat=40.26,lon=114.03,height=1014.70
2022-12-28 18:45:14 provname=山西,obtid=53564,obtname=河曲,lat=39.22,lon=111.13,height=1036.00
2022-12-28 18:45:14 provname=山西,obtid=53578,obtname=朔州,lat=39.22,lon=112.26,height=1114.80
2022-12-28 18:45:14 provname=山西,obtid=53579,obtname=代县,lat=39.01,lon=112.54,height=859.70
2022-12-28 18:45:14 provname=山西,obtid=53588,obtname=五台山,lat=38.57,lon=113.31,height=2208.30
2022-12-28 18:45:14 provname=山西,obtid=53594,obtname=灵邱,lat=39.27,lon=114.11,height=938.70
2022-12-28 18:45:14 provname=山西,obtid=53663,obtname=五寨,lat=38.55,lon=111.49,height=1401.00
2022-12-28 18:45:14 provname=山西,obtid=53664,obtname=兴县,lat=38.28,lon=111.08,height=1012.60
2022-12-28 18:45:14 provname=山西,obtid=53673,obtname=原平,lat=38.44,lon=112.43,height=828.20
2022-12-28 18:45:14 provname=山西,obtid=53687,obtname=平定,lat=37.47,lon=113.38,height=753.00
2022-12-28 18:45:14 provname=山西,obtid=53764,obtname=离石,lat=37.30,lon=111.06,height=950.80
2022-12-28 18:45:14 provname=山西,obtid=53772,obtname=太原,lat=37.37,lon=112.35,height=776.30
2022-12-28 18:45:14 provname=山西,obtid=53775,obtname=太谷,lat=37.25,lon=112.36,height=785.80
2022-12-28 18:45:14 provname=山西,obtid=53787,obtname=榆社,lat=37.04,lon=112.59,height=1041.40
2022-12-28 18:45:14 provname=山西,obtid=53853,obtname=隰县,lat=36.42,lon=110.57,height=1052.70
2022-12-28 18:45:14 provname=山西,obtid=53859,obtname=吉县,lat=36.06,lon=110.40,height=851.30
2022-12-28 18:45:14 provname=山西,obtid=53863,obtname=介休,lat=37.04,lon=111.57,height=746.00
2022-12-28 18:45:14 provname=山西,obtid=53868,obtname=临汾,lat=36.04,lon=111.30,height=449.50
2022-12-28 18:45:14 provname=山西,obtid=53877,obtname=安泽,lat=36.10,lon=112.15,height=860.10
2022-12-28 18:45:14 provname=山西,obtid=53882,obtname=长治,lat=36.04,lon=113.02,height=1046.90
2022-12-28 18:45:14 provname=山西,obtid=53884,obtname=襄坦,lat=36.31,lon=113.02,height=877.90
2022-12-28 18:45:14 provname=山西,obtid=53959,obtname=运城,lat=35.07,lon=111.04,height=375.00
2022-12-28 18:45:14 provname=山西,obtid=53963,obtname=侯马,lat=35.39,lon=111.22,height=433.80
2022-12-28 18:45:14 provname=山西,obtid=53968,obtname=垣曲,lat=35.17,lon=111.40,height=505.00
2022-12-28 18:45:14 provname=山西,obtid=53975,obtname=阳城,lat=35.29,lon=112.24,height=659.50
2022-12-28 18:45:14 provname=山西,obtid=57052,obtname=永济,lat=34.53,lon=110.27,height=354.10
2022-12-28 18:45:14 provname=陕西,obtid=53646,obtname=榆林,lat=38.16,lon=109.47,height=1157.00
2022-12-28 18:45:14 provname=陕西,obtid=53651,obtname=神木,lat=38.49,lon=110.28,height=1098.00
2022-12-28 18:45:14 provname=陕西,obtid=53725,obtname=定边,lat=37.35,lon=107.35,height=1360.30
2022-12-28 18:45:14 provname=陕西,obtid=53735,obtname=靖边,lat=37.37,lon=108.48,height=1336.70
2022-12-28 18:45:14 provname=陕西,obtid=53738,obtname=吴旗,lat=36.55,lon=108.10,height=1331.40
2022-12-28 18:45:14 provname=陕西,obtid=53740,obtname=横山,lat=37.56,lon=109.14,height=1111.00
2022-12-28 18:45:14 provname=陕西,obtid=53754,obtname=绥德,lat=37.30,lon=110.13,height=929.70
2022-12-28 18:45:14 provname=陕西,obtid=53845,obtname=延安,lat=36.35,lon=109.27,height=1180.50
2022-12-28 18:45:14 provname=陕西,obtid=53854,obtname=延长,lat=36.35,lon=110.04,height=804.80
2022-12-28 18:45:14 provname=陕西,obtid=53929,obtname=长武,lat=35.12,lon=107.48,height=1206.50
2022-12-28 18:45:14 provname=陕西,obtid=53942,obtname=洛川,lat=35.46,lon=109.25,height=1155.90
2022-12-28 18:45:14 provname=陕西,obtid=53948,obtname=蒲城,lat=34.57,lon=109.35,height=499.20
2022-12-28 18:45:14 provname=陕西,obtid=53955,obtname=韩城,lat=35.28,lon=110.27,height=458.10
2022-12-28 18:45:14 provname=陕西,obtid=57003,obtname=陇县,lat=34.54,lon=106.50,height=924.20
2022-12-28 18:45:14 provname=陕西,obtid=57025,obtname=凤翔,lat=34.31,lon=107.23,height=781.10
2022-12-28 18:45:14 provname=陕西,obtid=57028,obtname=太白,lat=34.02,lon=107.19,height=1543.60
2022-12-28 18:45:14 provname=陕西,obtid=57030,obtname=永寿,lat=34.42,lon=108.09,height=994.60
2022-12-28 18:45:14 provname=陕西,obtid=57034,obtname=武功,lat=34.19,lon=108.14,height=471.00
2022-12-28 18:45:14 provname=陕西,obtid=57037,obtname=耀县,lat=34.56,lon=108.59,height=710.00
2022-12-28 18:45:14 provname=陕西,obtid=57046,obtname=华山,lat=34.29,lon=110.05,height=2064.90
2022-12-28 18:45:14 provname=陕西,obtid=57048,obtname=秦都,lat=34.24,lon=108.43,height=472.80
2022-12-28 18:45:14 provname=陕西,obtid=57049,obtname=华县,lat=34.31,lon=109.44,height=341.50
2022-12-28 18:45:14 provname=陕西,obtid=57106,obtname=略阳,lat=33.19,lon=106.09,height=794.20
2022-12-28 18:45:14 provname=陕西,obtid=57124,obtname=留坝,lat=33.38,lon=106.56,height=1032.10
2022-12-28 18:45:14 provname=陕西,obtid=57127,obtname=汉中,lat=33.04,lon=107.02,height=509.50
2022-12-28 18:45:14 provname=陕西,obtid=57131,obtname=泾河,lat=34.26,lon=108.58,height=410.00
2022-12-28 18:45:14 provname=陕西,obtid=57134,obtname=佛坪,lat=33.31,lon=107.59,height=827.20
2022-12-28 18:45:14 provname=陕西,obtid=57140,obtname=柞水,lat=33.40,lon=109.07,height=818.20
2022-12-28 18:45:14 provname=陕西,obtid=57143,obtname=商县,lat=33.52,lon=109.58,height=742.20
2022-12-28 18:45:14 provname=陕西,obtid=57144,obtname=镇安,lat=33.26,lon=109.09,height=693.70
2022-12-28 18:45:14 provname=陕西,obtid=57154,obtname=商南,lat=33.32,lon=110.54,height=523.00
2022-12-28 18:45:14 provname=陕西,obtid=57211,obtname=宁强,lat=32.50,lon=106.15,height=836.10
2022-12-28 18:45:14 provname=陕西,obtid=57232,obtname=石泉,lat=33.03,lon=108.16,height=484.90
2022-12-28 18:45:14 provname=陕西,obtid=57238,obtname=镇巴,lat=32.32,lon=107.54,height=693.90
2022-12-28 18:45:14 provname=陕西,obtid=57245,obtname=安康,lat=32.43,lon=109.02,height=290.80
2022-12-28 18:45:14 provname=陕西,obtid=57343,obtname=镇坪,lat=31.54,lon=109.32,height=995.80
2022-12-28 18:45:14 provname=上海,obtid=58362,obtname=宝山,lat=31.24,lon=121.27,height=5.50
2022-12-28 18:45:14 provname=四川,obtid=56038,obtname=石渠,lat=32.59,lon=98.06,height=14200.00
2022-12-28 18:45:14 provname=四川,obtid=56079,obtname=若尔盖,lat=33.35,lon=102.58,height=3441.40
2022-12-28 18:45:14 provname=四川,obtid=56144,obtname=德格,lat=31.48,lon=98.35,height=3184.00
2022-12-28 18:45:14 provname=四川,obtid=56146,obtname=甘孜,lat=31.37,lon=100.00,height=3393.50
2022-12-28 18:45:14 provname=四川,obtid=56152,obtname=色达,lat=32.17,lon=100.20,height=3893.90
2022-12-28 18:45:14 provname=四川,obtid=56167,obtname=道孚,lat=30.59,lon=101.07,height=2957.20
2022-12-28 18:45:14 provname=四川,obtid=56172,obtname=马尔康,lat=31.54,lon=102.14,height=2664.40
2022-12-28 18:45:14 provname=四川,obtid=56173,obtname=红原,lat=32.48,lon=102.33,height=3491.60
2022-12-28 18:45:14 provname=四川,obtid=56178,obtname=小金,lat=31.00,lon=102.21,height=2438.00
2022-12-28 18:45:14 provname=四川,obtid=56182,obtname=松潘,lat=32.40,lon=103.36,height=2881.30
2022-12-28 18:45:14 provname=四川,obtid=56187,obtname=温江,lat=30.45,lon=103.52,height=547.70
2022-12-28 18:45:14 provname=四川,obtid=56188,obtname=都江堰,lat=31.00,lon=103.40,height=698.50
2022-12-28 18:45:14 provname=四川,obtid=56196,obtname=绵阳,lat=31.27,lon=104.44,height=522.70
2022-12-28 18:45:14 provname=四川,obtid=56247,obtname=巴塘,lat=30.00,lon=99.06,height=2589.20
2022-12-28 18:45:14 provname=四川,obtid=56251,obtname=新龙,lat=30.56,lon=100.19,height=3000.00
2022-12-28 18:45:14 provname=四川,obtid=56257,obtname=理塘,lat=30.00,lon=100.16,height=3948.90
2022-12-28 18:45:14 provname=四川,obtid=56287,obtname=雅安,lat=29.59,lon=103.00,height=627.60
2022-12-28 18:45:14 provname=四川,obtid=56357,obtname=稻城,lat=29.03,lon=100.18,height=3727.70
2022-12-28 18:45:14 provname=四川,obtid=56374,obtname=康定,lat=30.03,lon=101.58,height=2615.70
2022-12-28 18:45:14 provname=四川,obtid=56385,obtname=峨眉山,lat=29.31,lon=103.20,height=3069.90
2022-12-28 18:45:14 provname=四川,obtid=56386,obtname=乐山,lat=29.34,lon=103.45,height=424.20
2022-12-28 18:45:14 provname=四川,obtid=56459,obtname=木里,lat=27.56,lon=101.16,height=2426.50
2022-12-28 18:45:14 provname=四川,obtid=56462,obtname=九龙,lat=29.00,lon=101.30,height=2925.00
2022-12-28 18:45:14 provname=四川,obtid=56475,obtname=越西,lat=28.39,lon=102.31,height=1659.50
2022-12-28 18:45:14 provname=四川,obtid=56479,obtname=昭觉,lat=28.00,lon=102.51,height=2132.40
2022-12-28 18:45:14 provname=四川,obtid=56485,obtname=雷波,lat=28.16,lon=103.35,height=1255.80
2022-12-28 18:45:14 provname=四川,obtid=56492,obtname=宜宾,lat=28.48,lon=104.36,height=340.80
2022-12-28 18:45:14 provname=四川,obtid=56565,obtname=盐源,lat=27.26,lon=101.31,height=2545.00
2022-12-28 18:45:14 provname=四川,obtid=56571,obtname=西昌,lat=27.54,lon=102.16,height=1590.90
2022-12-28 18:45:14 provname=四川,obtid=56666,obtname=攀枝花,lat=26.34,lon=101.43,height=1224.80
2022-12-28 18:45:14 provname=四川,obtid=56671,obtname=会理,lat=26.39,lon=102.15,height=1787.30
2022-12-28 18:45:14 provname=四川,obtid=57206,obtname=广元,lat=32.25,lon=105.54,height=545.40
2022-12-28 18:45:14 provname=四川,obtid=57237,obtname=万源,lat=32.04,lon=108.02,height=674.00
2022-12-28 18:45:14 provname=四川,obtid=57306,obtname=阆中,lat=31.35,lon=105.59,height=382.60
2022-12-28 18:45:14 provname=四川,obtid=57313,obtname=巴中,lat=31.52,lon=106.46,height=417.70
2022-12-28 18:45:14 provname=四川,obtid=57314,obtname=南部,lat=31.20,lon=106.03,height=405.70
2022-12-28 18:45:14 provname=四川,obtid=57328,obtname=达县,lat=31.12,lon=107.30,height=344.90
2022-12-28 18:45:14 provname=四川,obtid=57405,obtname=遂宁,lat=30.30,lon=105.33,height=355.00
2022-12-28 18:45:14 provname=四川,obtid=57411,obtname=高坪区,lat=30.44,lon=106.07,height=347.00
2022-12-28 18:45:14 provname=四川,obtid=57503,obtname=东兴区,lat=29.37,lon=105.07,height=349.70
2022-12-28 18:45:14 provname=四川,obtid=57604,obtname=纳溪,lat=28.47,lon=105.23,height=368.80
2022-12-28 18:45:14 provname=四川,obtid=57608,obtname=叙永,lat=28.10,lon=105.26,height=377.50
2022-12-28 18:45:14 provname=天津,obtid=54525,obtname=宝坻,lat=39.44,lon=117.17,height=5.10
2022-12-28 18:45:14 provname=天津,obtid=54527,obtname=天津,lat=39.05,lon=117.03,height=3.50
2022-12-28 18:45:14 provname=天津,obtid=54623,obtname=塘沽,lat=39.03,lon=117.43,height=4.80
2022-12-28 18:45:14 provname=西藏,obtid=55228,obtname=狮泉河,lat=32.30,lon=80.05,height=4278.60
2022-12-28 18:45:14 provname=西藏,obtid=55248,obtname=改则,lat=32.09,lon=84.25,height=4414.90
2022-12-28 18:45:14 provname=西藏,obtid=55279,obtname=班戈,lat=31.23,lon=90.01,height=14700.00
2022-12-28 18:45:14 provname=西藏,obtid=55294,obtname=安多,lat=32.21,lon=91.06,height=14800.00
2022-12-28 18:45:14 provname=西藏,obtid=55299,obtname=那曲,lat=31.29,lon=92.04,height=4507.00
2022-12-28 18:45:14 provname=西藏,obtid=55437,obtname=普兰,lat=30.17,lon=81.15,height=13900.00
2022-12-28 18:45:14 provname=西藏,obtid=55472,obtname=申扎,lat=30.57,lon=88.38,height=14672.00
2022-12-28 18:45:14 provname=西藏,obtid=55493,obtname=当雄,lat=30.29,lon=91.06,height=14200.00
2022-12-28 18:45:14 provname=西藏,obtid=55569,obtname=拉孜,lat=29.05,lon=87.36,height=14000.00
2022-12-28 18:45:14 provname=西藏,obtid=55578,obtname=日喀则,lat=29.15,lon=88.53,height=3836.00
2022-12-28 18:45:14 provname=西藏,obtid=55585,obtname=尼木,lat=29.26,lon=90.10,height=13809.40
2022-12-28 18:45:14 provname=西藏,obtid=55591,obtname=拉萨,lat=29.40,lon=91.08,height=3648.90
2022-12-28 18:45:14 provname=西藏,obtid=55598,obtname=泽当,lat=29.16,lon=91.46,height=3560.00
2022-12-28 18:45:14 provname=西藏,obtid=55655,obtname=聂拉木,lat=28.11,lon=85.58,height=13810.00
2022-12-28 18:45:14 provname=西藏,obtid=55664,obtname=定日,lat=28.38,lon=87.05,height=14300.00
2022-12-28 18:45:14 provname=西藏,obtid=55680,obtname=江孜,lat=28.55,lon=89.36,height=14040.00
2022-12-28 18:45:14 provname=西藏,obtid=55681,obtname=浪卡子,lat=28.58,lon=90.24,height=14431.70
2022-12-28 18:45:14 provname=西藏,obtid=55690,obtname=错那,lat=27.59,lon=91.57,height=14280.00
2022-12-28 18:45:14 provname=西藏,obtid=55696,obtname=隆子,lat=28.25,lon=92.28,height=13860.00
2022-12-28 18:45:14 provname=西藏,obtid=55773,obtname=帕里,lat=27.44,lon=89.05,height=14300.00
2022-12-28 18:45:14 provname=西藏,obtid=56106,obtname=索县,lat=31.53,lon=93.47,height=4022.80
2022-12-28 18:45:14 provname=西藏,obtid=56116,obtname=丁青,lat=31.25,lon=95.36,height=3873.10
2022-12-28 18:45:14 provname=西藏,obtid=56137,obtname=昌都,lat=31.09,lon=97.10,height=3315.00
2022-12-28 18:45:14 provname=西藏,obtid=56202,obtname=嘉黎,lat=30.40,lon=93.17,height=14488.80
2022-12-28 18:45:14 provname=西藏,obtid=56223,obtname=洛隆,lat=30.45,lon=95.50,height=13640.00
2022-12-28 18:45:14 provname=西藏,obtid=56227,obtname=波密,lat=29.52,lon=95.46,height=12736.00
2022-12-28 18:45:14 provname=西藏,obtid=56312,obtname=?林芝,lat=29.40,lon=94.20,height=2991.80
2022-12-28 18:45:14 provname=西藏,obtid=56331,obtname=左贡,lat=29.40,lon=97.50,height=13780.00
2022-12-28 18:45:14 provname=西藏,obtid=56434,obtname=察隅,lat=28.39,lon=97.28,height=2327.60
2022-12-28 18:45:14 provname=新疆,obtid=51053,obtname=哈巴河,lat=48.03,lon=86.24,height=532.60
2022-12-28 18:45:14 provname=新疆,obtid=51059,obtname=吉木乃,lat=47.27,lon=85.53,height=968.20
2022-12-28 18:45:14 provname=新疆,obtid=51060,obtname=布尔津,lat=47.42,lon=86.52,height=473.90
2022-12-28 18:45:14 provname=新疆,obtid=51068,obtname=福海,lat=47.07,lon=87.29,height=497.00
2022-12-28 18:45:14 provname=新疆,obtid=51076,obtname=阿勒泰,lat=47.44,lon=88.05,height=735.30
2022-12-28 18:45:14 provname=新疆,obtid=51087,obtname=富蕴,lat=46.59,lon=89.31,height=807.50
2022-12-28 18:45:14 provname=新疆,obtid=51133,obtname=塔城,lat=46.44,lon=83.00,height=534.90
2022-12-28 18:45:14 provname=新疆,obtid=51156,obtname=和布克赛尔,lat=46.49,lon=85.45,height=1322.10
2022-12-28 18:45:14 provname=新疆,obtid=51186,obtname=青河,lat=46.40,lon=90.23,height=1218.20
2022-12-28 18:45:14 provname=新疆,obtid=51232,obtname=阿拉山口,lat=45.11,lon=82.34,height=336.10
2022-12-28 18:45:14 provname=新疆,obtid=51238,obtname=博乐,lat=44.54,lon=82.04,height=532.20
2022-12-28 18:45:14 provname=新疆,obtid=51241,obtname=托里,lat=45.56,lon=83.36,height=1094.20
2022-12-28 18:45:14 provname=新疆,obtid=51243,obtname=克拉玛依,lat=45.37,lon=84.51,height=450.30
2022-12-28 18:45:14 provname=新疆,obtid=51288,obtname=北塔山,lat=45.22,lon=90.32,height=1653.70
2022-12-28 18:45:14 provname=新疆,obtid=51330,obtname=温泉,lat=44.58,lon=81.01,height=1357.80
2022-12-28 18:45:14 provname=新疆,obtid=51334,obtname=精河,lat=44.34,lon=82.49,height=329.20
2022-12-28 18:45:14 provname=新疆,obtid=51346,obtname=乌苏,lat=44.26,lon=84.40,height=478.70
2022-12-28 18:45:14 provname=新疆,obtid=51358,obtname=乌兰乌苏,lat=44.17,lon=85.49,height=468.50
2022-12-28 18:45:14 provname=新疆,obtid=51365,obtname=蔡家湖,lat=44.12,lon=87.32,height=440.50
2022-12-28 18:45:14 provname=新疆,obtid=51367,obtname=呼图壁,lat=44.10,lon=86.51,height=575.10
2022-12-28 18:45:14 provname=新疆,obtid=51379,obtname=奇台,lat=44.01,lon=89.34,height=793.50
2022-12-28 18:45:14 provname=新疆,obtid=51431,obtname=伊宁,lat=43.57,lon=81.20,height=662.50
2022-12-28 18:45:14 provname=新疆,obtid=51433,obtname=尼勒克,lat=43.48,lon=82.31,height=1105.30
2022-12-28 18:45:14 provname=新疆,obtid=51437,obtname=昭苏,lat=43.09,lon=81.08,height=1851.00
2022-12-28 18:45:14 provname=新疆,obtid=51463,obtname=乌鲁木齐,lat=43.47,lon=87.39,height=935.00
2022-12-28 18:45:14 provname=新疆,obtid=51467,obtname=巴仑台,lat=42.46,lon=86.20,height=1732.40
2022-12-28 18:45:14 provname=新疆,obtid=51469,obtname=乌鲁木齐牧试站,lat=43.27,lon=87.11,height=1930.00
2022-12-28 18:45:14 provname=新疆,obtid=51470,obtname=天池,lat=43.53,lon=88.07,height=1942.50
2022-12-28 18:45:14 provname=新疆,obtid=51477,obtname=达坂城,lat=43.21,lon=88.19,height=1103.50
2022-12-28 18:45:14 provname=新疆,obtid=51495,obtname=十三间房,lat=43.13,lon=91.44,height=721.40
2022-12-28 18:45:14 provname=新疆,obtid=51526,obtname=库米什,lat=42.14,lon=88.13,height=922.40
2022-12-28 18:45:14 provname=新疆,obtid=51542,obtname=巴音布鲁克,lat=43.02,lon=84.09,height=2458.00
2022-12-28 18:45:14 provname=新疆,obtid=51567,obtname=焉耆,lat=42.05,lon=86.34,height=1055.30
2022-12-28 18:45:14 provname=新疆,obtid=51573,obtname=吐鲁番,lat=42.57,lon=89.14,height=39.30
2022-12-28 18:45:14 provname=新疆,obtid=51581,obtname=鄯善,lat=42.51,lon=90.14,height=398.60
2022-12-28 18:45:14 provname=新疆,obtid=51628,obtname=阿克苏,lat=41.07,lon=80.23,height=1107.10
2022-12-28 18:45:14 provname=新疆,obtid=51633,obtname=拜城,lat=41.47,lon=81.54,height=1229.20
2022-12-28 18:45:14 provname=新疆,obtid=51639,obtname=沙雅,lat=41.14,lon=82.47,height=980.40
2022-12-28 18:45:14 provname=新疆,obtid=51642,obtname=轮台,lat=41.49,lon=84.16,height=982.00
2022-12-28 18:45:14 provname=新疆,obtid=51644,obtname=库车,lat=41.43,lon=82.58,height=1081.90
2022-12-28 18:45:14 provname=新疆,obtid=51655,obtname=尉犁,lat=41.21,lon=86.16,height=884.90
2022-12-28 18:45:14 provname=新疆,obtid=51656,obtname=库尔勒,lat=41.44,lon=85.49,height=899.80
2022-12-28 18:45:14 provname=新疆,obtid=51701,obtname=吐尔尕特,lat=40.31,lon=75.24,height=3504.40
2022-12-28 18:45:14 provname=新疆,obtid=51704,obtname=阿图什,lat=39.43,lon=76.10,height=1298.70
2022-12-28 18:45:14 provname=新疆,obtid=51705,obtname=乌恰,lat=39.43,lon=75.15,height=2175.70
2022-12-28 18:45:14 provname=新疆,obtid=51709,obtname=喀什,lat=39.29,lon=75.45,height=1385.60
2022-12-28 18:45:14 provname=新疆,obtid=51711,obtname=阿合奇,lat=40.56,lon=78.27,height=1985.10
2022-12-28 18:45:14 provname=新疆,obtid=51716,obtname=巴楚,lat=39.48,lon=78.34,height=1116.50
2022-12-28 18:45:14 provname=新疆,obtid=51720,obtname=柯坪,lat=40.30,lon=79.03,height=1161.80
2022-12-28 18:45:14 provname=新疆,obtid=51730,obtname=阿拉尔,lat=40.33,lon=81.16,height=1012.20
2022-12-28 18:45:14 provname=新疆,obtid=51747,obtname=塔中,lat=39.00,lon=83.40,height=1099.30
2022-12-28 18:45:14 provname=新疆,obtid=51765,obtname=铁干里克,lat=40.38,lon=87.42,height=846.00
2022-12-28 18:45:14 provname=新疆,obtid=51777,obtname=若羌,lat=39.02,lon=88.10,height=887.70
2022-12-28 18:45:14 provname=新疆,obtid=51804,obtname=塔什库尔干,lat=37.46,lon=75.14,height=3090.10
2022-12-28 18:45:14 provname=新疆,obtid=51810,obtname=麦盖提,lat=38.55,lon=77.38,height=1178.20
2022-12-28 18:45:14 provname=新疆,obtid=51811,obtname=莎车,lat=38.26,lon=77.16,height=1231.20
2022-12-28 18:45:14 provname=新疆,obtid=51818,obtname=皮山,lat=37.37,lon=78.17,height=1375.40
2022-12-28 18:45:14 provname=新疆,obtid=51828,obtname=和田,lat=37.08,lon=79.56,height=1375.00
2022-12-28 18:45:14 provname=新疆,obtid=51839,obtname=民丰,lat=37.04,lon=82.43,height=1409.50
2022-12-28 18:45:14 provname=新疆,obtid=51855,obtname=且末,lat=38.09,lon=85.33,height=1247.20
2022-12-28 18:45:14 provname=新疆,obtid=51931,obtname=于田,lat=36.51,lon=81.39,height=1422.00
2022-12-28 18:45:14 provname=新疆,obtid=52101,obtname=巴里坤,lat=43.36,lon=93.03,height=1679.40
2022-12-28 18:45:14 provname=新疆,obtid=52112,obtname=淖毛湖,lat=43.45,lon=94.59,height=479.00
2022-12-28 18:45:14 provname=新疆,obtid=52118,obtname=伊吾,lat=43.16,lon=94.42,height=1728.60
2022-12-28 18:45:14 provname=新疆,obtid=52203,obtname=哈密,lat=42.49,lon=93.31,height=737.20
2022-12-28 18:45:14 provname=新疆,obtid=52313,obtname=红柳河,lat=41.32,lon=94.40,height=1573.80
2022-12-28 18:45:14 provname=云南,obtid=56444,obtname=德钦,lat=28.29,lon=98.55,height=3319.00
2022-12-28 18:45:14 provname=云南,obtid=56533,obtname=贡山,lat=27.45,lon=98.40,height=1583.30
2022-12-28 18:45:14 provname=云南,obtid=56543,obtname=香格里拉,lat=27.51,lon=99.45,height=3341.50
2022-12-28 18:45:14 provname=云南,obtid=56548,obtname=维西,lat=27.10,lon=99.17,height=2326.10
2022-12-28 18:45:14 provname=云南,obtid=56586,obtname=昭通昭阳,lat=27.21,lon=103.43,height=1949.50
2022-12-28 18:45:14 provname=云南,obtid=56643,obtname=六库,lat=25.52,lon=98.51,height=949.90
2022-12-28 18:45:14 provname=云南,obtid=56651,obtname=丽江,lat=26.51,lon=100.13,height=2380.90
2022-12-28 18:45:14 provname=云南,obtid=56664,obtname=华坪,lat=26.38,lon=101.16,height=1230.80
2022-12-28 18:45:14 provname=云南,obtid=56684,obtname=会泽,lat=26.24,lon=103.15,height=2188.30
2022-12-28 18:45:14 provname=云南,obtid=56739,obtname=腾冲,lat=24.59,lon=98.30,height=1695.90
2022-12-28 18:45:14 provname=云南,obtid=56748,obtname=保山隆阳,lat=25.07,lon=99.11,height=1652.20
2022-12-28 18:45:14 provname=云南,obtid=56751,obtname=大理,lat=25.42,lon=100.11,height=1990.50
2022-12-28 18:45:14 provname=云南,obtid=56763,obtname=元谋,lat=25.44,lon=101.52,height=1120.60
2022-12-28 18:45:14 provname=云南,obtid=56768,obtname=楚雄,lat=25.02,lon=101.33,height=1824.10
2022-12-28 18:45:14 provname=云南,obtid=56778,obtname=昆明,lat=25.00,lon=102.39,height=1888.10
2022-12-28 18:45:14 provname=云南,obtid=56786,obtname=沾益,lat=25.35,lon=103.50,height=1898.70
2022-12-28 18:45:14 provname=云南,obtid=56838,obtname=瑞丽,lat=24.00,lon=97.51,height=762.90
2022-12-28 18:45:14 provname=云南,obtid=56856,obtname=景东,lat=24.28,lon=100.52,height=1162.30
2022-12-28 18:45:14 provname=云南,obtid=56872,obtname=太华山,lat=24.57,lon=102.37,height=2358.30
2022-12-28 18:45:14 provname=云南,obtid=56875,obtname=玉溪红塔,lat=24.20,lon=102.33,height=1716.90
2022-12-28 18:45:14 provname=云南,obtid=56886,obtname=泸西,lat=24.32,lon=103.46,height=1704.30
2022-12-28 18:45:14 provname=云南,obtid=56946,obtname=耿马,lat=23.33,lon=99.24,height=1104.90
2022-12-28 18:45:14 provname=云南,obtid=56950,obtname=双江,lat=23.28,lon=99.48,height=1044.10
2022-12-28 18:45:14 provname=云南,obtid=56951,obtname=临沧,lat=23.53,lon=100.05,height=1502.40
2022-12-28 18:45:14 provname=云南,obtid=56954,obtname=澜沧,lat=22.34,lon=99.56,height=1054.80
2022-12-28 18:45:14 provname=云南,obtid=56959,obtname=景洪,lat=22.00,lon=100.47,height=582.00
2022-12-28 18:45:14 provname=云南,obtid=56964,obtname=思茅,lat=22.47,lon=100.58,height=1302.10
2022-12-28 18:45:14 provname=云南,obtid=56966,obtname=元江,lat=23.36,lon=101.59,height=400.90
2022-12-28 18:45:14 provname=云南,obtid=56969,obtname=勐腊,lat=21.28,lon=101.34,height=633.40
2022-12-28 18:45:14 provname=云南,obtid=56977,obtname=江城,lat=22.35,lon=101.51,height=1120.50
2022-12-28 18:45:14 provname=云南,obtid=56985,obtname=蒙自,lat=23.26,lon=103.19,height=1313.60
2022-12-28 18:45:14 provname=云南,obtid=56986,obtname=屏边,lat=22.59,lon=103.41,height=1414.10
2022-12-28 18:45:14 provname=云南,obtid=56991,obtname=砚山,lat=23.37,lon=104.20,height=1561.10
2022-12-28 18:45:14 provname=云南,obtid=59007,obtname=广南,lat=24.04,lon=105.04,height=1249.60
2022-12-28 18:45:14 provname=浙江,obtid=58448,obtname=临安,lat=30.13,lon=119.42,height=117.60
2022-12-28 18:45:14 provname=浙江,obtid=58450,obtname=湖州,lat=30.52,lon=120.03,height=7.40
2022-12-28 18:45:14 provname=浙江,obtid=58457,obtname=杭州,lat=30.14,lon=120.10,height=41.70
2022-12-28 18:45:14 provname=浙江,obtid=58464,obtname=平湖,lat=30.39,lon=121.07,height=4.00
2022-12-28 18:45:14 provname=浙江,obtid=58467,obtname=慈溪,lat=30.12,lon=121.16,height=4.50
2022-12-28 18:45:14 provname=浙江,obtid=58472,obtname=嵊泗,lat=30.44,lon=122.27,height=79.60
2022-12-28 18:45:14 provname=浙江,obtid=58477,obtname=定海,lat=30.02,lon=122.06,height=35.70
2022-12-28 18:45:14 provname=浙江,obtid=58543,obtname=淳安,lat=29.37,lon=119.01,height=171.40
2022-12-28 18:45:14 provname=浙江,obtid=58549,obtname=金华,lat=29.07,lon=119.39,height=62.60
2022-12-28 18:45:14 provname=浙江,obtid=58553,obtname=上虞,lat=30.03,lon=120.49,height=6.40
2022-12-28 18:45:14 provname=浙江,obtid=58556,obtname=嵊州,lat=29.36,lon=120.49,height=104.30
2022-12-28 18:45:14 provname=浙江,obtid=58557,obtname=义乌,lat=29.20,lon=120.05,height=90.00
2022-12-28 18:45:14 provname=浙江,obtid=58562,obtname=鄞县,lat=29.48,lon=121.30,height=6.20
2022-12-28 18:45:14 provname=浙江,obtid=58569,obtname=石浦,lat=29.12,lon=121.57,height=128.40
2022-12-28 18:45:14 provname=浙江,obtid=58633,obtname=衢州,lat=29.00,lon=118.54,height=82.40
2022-12-28 18:45:14 provname=浙江,obtid=58646,obtname=丽水,lat=28.28,lon=119.56,height=59.70
2022-12-28 18:45:14 provname=浙江,obtid=58652,obtname=仙居,lat=28.52,lon=120.43,height=83.00
2022-12-28 18:45:14 provname=浙江,obtid=58665,obtname=洪家,lat=28.37,lon=121.25,height=4.60
2022-12-28 18:45:14 provname=浙江,obtid=58666,obtname=大陈,lat=28.27,lon=121.54,height=86.20
2022-12-28 18:45:14 provname=浙江,obtid=58667,obtname=玉环,lat=28.05,lon=121.16,height=95.90
2022-12-28 18:45:14 provname=浙江,obtid=58742,obtname=云和,lat=28.06,lon=119.34,height=163.00
2022-12-28 18:45:14 provname=浙江,obtid=58752,obtname=瑞安,lat=27.47,lon=120.39,height=39.70
2022-12-28 18:45:14 provname=浙江,obtid=58760,obtname=洞头,lat=27.50,lon=121.09,height=68.60
2022-12-28 18:45:14 provname=重庆,obtid=57348,obtname=奉节,lat=31.01,lon=109.32,height=299.80
2022-12-28 18:45:14 provname=重庆,obtid=57426,obtname=梁平,lat=30.41,lon=107.48,height=454.50
2022-12-28 18:45:14 provname=重庆,obtid=57432,obtname=万州,lat=30.46,lon=108.24,height=186.70
2022-12-28 18:45:14 provname=重庆,obtid=57502,obtname=大足,lat=29.42,lon=105.42,height=394.70
2022-12-28 18:45:14 provname=重庆,obtid=57512,obtname=合川,lat=29.58,lon=106.16,height=364.50
2022-12-28 18:45:14 provname=重庆,obtid=57516,obtname=沙坪坝,lat=29.35,lon=106.28,height=259.10
2022-12-28 18:45:14 provname=重庆,obtid=57517,obtname=江津,lat=29.17,lon=106.15,height=261.40
2022-12-28 18:45:14 provname=重庆,obtid=57520,obtname=长寿,lat=29.50,lon=107.04,height=377.60
2022-12-28 18:45:14 provname=重庆,obtid=57523,obtname=丰都,lat=29.51,lon=107.44,height=290.50
2022-12-28 18:45:14 provname=重庆,obtid=57536,obtname=黔江,lat=29.31,lon=108.46,height=786.90
2022-12-28 18:45:14 provname=重庆,obtid=57612,obtname=綦江,lat=29.00,lon=106.39,height=474.70
2022-12-28 18:45:14 provname=重庆,obtid=57633,obtname=酉阳,lat=28.47,lon=108.48,height=419.30
2022-12-28 18:45:14 生成数据文件/tmp/surfdata/SURF_ZH_20221228184514_13266.csv成功，数据时间20221228184514,记录数839。
2022-12-28 18:45:14 crtsurfdata4 运行结束！